Load config file:ad.tcl
Starting Simulation...
num_nodes is set 4
channel.cc:sendUp - Calc highestAntennaZ_ and distCST_
highestAntennaZ_ = 1.5,  distCST_ = 175.4
ADJUST SCALE(@1.044389): EXPECTED_THR: 0.01 RECEIVED_THR: 0.01 PSNR: 100.00 QUALITY METRIC: 1.00 DECIDED RATE: 0.60Mbps 
ADJUST SCALE(@1.133168): EXPECTED_THR: 0.45 RECEIVED_THR: 0.36 PSNR: 32.19 QUALITY METRIC: 0.56 DECIDED RATE: 0.90Mbps 
ADJUST SCALE(@1.198726): EXPECTED_THR: 0.61 RECEIVED_THR: 0.61 PSNR: 100.00 QUALITY METRIC: 1.00 DECIDED RATE: 1.20Mbps 
ADJUST SCALE(@1.250061): EXPECTED_THR: 0.78 RECEIVED_THR: 0.78 PSNR: 100.00 QUALITY METRIC: 1.00 DECIDED RATE: 1.50Mbps 
ADJUST SCALE(@1.304384): EXPECTED_THR: 0.74 RECEIVED_THR: 0.74 PSNR: 100.00 QUALITY METRIC: 1.00 DECIDED RATE: 1.50Mbps 
ADJUST SCALE(@1.364510): EXPECTED_THR: 0.80 RECEIVED_THR: 0.80 PSNR: 100.00 QUALITY METRIC: 1.00 DECIDED RATE: 1.50Mbps 
ADJUST SCALE(@1.439792): EXPECTED_THR: 0.74 RECEIVED_THR: 0.74 PSNR: 100.00 QUALITY METRIC: 1.00 DECIDED RATE: 1.50Mbps 
ADJUST SCALE(@1.533447): EXPECTED_THR: 0.60 RECEIVED_THR: 0.60 PSNR: 100.00 QUALITY METRIC: 1.00 DECIDED RATE: 1.50Mbps 
ADJUST SCALE(@1.659462): EXPECTED_THR: 0.70 RECEIVED_THR: 0.70 PSNR: 100.00 QUALITY METRIC: 1.00 DECIDED RATE: 1.50Mbps 
ADJUST SCALE(@1.835908): EXPECTED_THR: 0.77 RECEIVED_THR: 0.77 PSNR: 100.00 QUALITY METRIC: 1.00 DECIDED RATE: 1.50Mbps 
ADJUST SCALE(@2.085958): EXPECTED_THR: 0.80 RECEIVED_THR: 0.80 PSNR: 100.00 QUALITY METRIC: 1.00 DECIDED RATE: 1.50Mbps 
ADJUST SCALE(@2.392330): EXPECTED_THR: 0.78 RECEIVED_THR: 0.78 PSNR: 100.00 QUALITY METRIC: 1.00 DECIDED RATE: 1.50Mbps 
ADJUST SCALE(@2.785431): EXPECTED_THR: 0.73 RECEIVED_THR: 0.73 PSNR: 100.00 QUALITY METRIC: 1.00 DECIDED RATE: 1.50Mbps 
ADJUST SCALE(@3.320436): EXPECTED_THR: 0.81 RECEIVED_THR: 0.81 PSNR: 100.00 QUALITY METRIC: 1.00 DECIDED RATE: 1.50Mbps 
ADJUST SCALE(@3.983550): EXPECTED_THR: 0.84 RECEIVED_THR: 0.80 PSNR: 57.24 QUALITY METRIC: 0.76 DECIDED RATE: 1.50Mbps 
ADJUST SCALE(@4.725557): EXPECTED_THR: 0.85 RECEIVED_THR: 0.75 PSNR: 43.44 QUALITY METRIC: 0.66 DECIDED RATE: 1.50Mbps 
ADJUST SCALE(@5.555816): EXPECTED_THR: 0.86 RECEIVED_THR: 0.78 PSNR: 48.18 QUALITY METRIC: 0.70 DECIDED RATE: 1.50Mbps 
ADJUST SCALE(@6.472561): EXPECTED_THR: 0.80 RECEIVED_THR: 0.73 PSNR: 48.85 QUALITY METRIC: 0.70 DECIDED RATE: 1.50Mbps 
ADJUST SCALE(@7.544201): EXPECTED_THR: 0.86 RECEIVED_THR: 0.78 PSNR: 48.85 QUALITY METRIC: 0.70 DECIDED RATE: 1.50Mbps 
ADJUST SCALE(@8.744795): EXPECTED_THR: 0.87 RECEIVED_THR: 0.71 PSNR: 33.13 QUALITY METRIC: 0.57 DECIDED RATE: 1.50Mbps 
ADJUST SCALE(@10.001740): EXPECTED_THR: 0.94 RECEIVED_THR: 0.76 PSNR: 33.16 QUALITY METRIC: 0.57 DECIDED RATE: 1.50Mbps 
ADJUST SCALE(@11.174822): EXPECTED_THR: 0.88 RECEIVED_THR: 0.75 PSNR: 38.31 QUALITY METRIC: 0.62 DECIDED RATE: 1.50Mbps 
ADJUST SCALE(@12.411819): EXPECTED_THR: 0.94 RECEIVED_THR: 0.75 PSNR: 32.19 QUALITY METRIC: 0.56 DECIDED RATE: 1.50Mbps 
ADJUST SCALE(@13.587000): EXPECTED_THR: 0.82 RECEIVED_THR: 0.74 PSNR: 47.79 QUALITY METRIC: 0.69 DECIDED RATE: 1.50Mbps 
ADJUST SCALE(@14.930283): EXPECTED_THR: 0.94 RECEIVED_THR: 0.70 PSNR: 27.85 QUALITY METRIC: 0.52 DECIDED RATE: 1.50Mbps 
ADJUST SCALE(@16.204264): EXPECTED_THR: 0.93 RECEIVED_THR: 0.77 PSNR: 34.78 QUALITY METRIC: 0.59 DECIDED RATE: 1.50Mbps 
ADJUST SCALE(@17.337521): EXPECTED_THR: 0.87 RECEIVED_THR: 0.73 PSNR: 36.33 QUALITY METRIC: 0.60 DECIDED RATE: 1.50Mbps 
ADJUST SCALE(@18.595590): EXPECTED_THR: 0.90 RECEIVED_THR: 0.76 PSNR: 37.15 QUALITY METRIC: 0.61 DECIDED RATE: 1.50Mbps 
ADJUST SCALE(@19.817351): EXPECTED_THR: 0.89 RECEIVED_THR: 0.75 PSNR: 37.36 QUALITY METRIC: 0.61 DECIDED RATE: 1.50Mbps 
ADJUST SCALE(@21.070844): EXPECTED_THR: 0.92 RECEIVED_THR: 0.74 PSNR: 32.75 QUALITY METRIC: 0.57 DECIDED RATE: 1.50Mbps 
ADJUST SCALE(@22.328874): EXPECTED_THR: 0.89 RECEIVED_THR: 0.76 PSNR: 38.92 QUALITY METRIC: 0.62 DECIDED RATE: 1.50Mbps 
ADJUST SCALE(@23.537764): EXPECTED_THR: 0.89 RECEIVED_THR: 0.73 PSNR: 34.54 QUALITY METRIC: 0.58 DECIDED RATE: 1.50Mbps 
ADJUST SCALE(@24.792197): EXPECTED_THR: 0.92 RECEIVED_THR: 0.77 PSNR: 35.16 QUALITY METRIC: 0.59 DECIDED RATE: 1.50Mbps 
ADJUST SCALE(@25.998175): EXPECTED_THR: 0.90 RECEIVED_THR: 0.75 PSNR: 36.28 QUALITY METRIC: 0.60 DECIDED RATE: 1.50Mbps 
ADJUST SCALE(@27.210217): EXPECTED_THR: 0.84 RECEIVED_THR: 0.71 PSNR: 37.99 QUALITY METRIC: 0.62 DECIDED RATE: 1.50Mbps 
ADJUST SCALE(@28.504943): EXPECTED_THR: 0.97 RECEIVED_THR: 0.78 PSNR: 32.45 QUALITY METRIC: 0.56 DECIDED RATE: 1.50Mbps 
ADJUST SCALE(@29.734221): EXPECTED_THR: 0.90 RECEIVED_THR: 0.77 PSNR: 38.63 QUALITY METRIC: 0.62 DECIDED RATE: 1.50Mbps 
ADJUST SCALE(@30.935135): EXPECTED_THR: 0.88 RECEIVED_THR: 0.77 PSNR: 42.20 QUALITY METRIC: 0.65 DECIDED RATE: 1.50Mbps 
ADJUST SCALE(@32.165152): EXPECTED_THR: 0.91 RECEIVED_THR: 0.72 PSNR: 31.49 QUALITY METRIC: 0.55 DECIDED RATE: 1.50Mbps 
ADJUST SCALE(@33.378660): EXPECTED_THR: 0.89 RECEIVED_THR: 0.79 PSNR: 43.94 QUALITY METRIC: 0.66 DECIDED RATE: 1.50Mbps 
ADJUST SCALE(@34.634418): EXPECTED_THR: 0.89 RECEIVED_THR: 0.78 PSNR: 42.17 QUALITY METRIC: 0.65 DECIDED RATE: 1.50Mbps 
ADJUST SCALE(@35.890140): EXPECTED_THR: 0.90 RECEIVED_THR: 0.76 PSNR: 37.15 QUALITY METRIC: 0.61 DECIDED RATE: 1.50Mbps 
ADJUST SCALE(@37.154300): EXPECTED_THR: 0.91 RECEIVED_THR: 0.78 PSNR: 39.48 QUALITY METRIC: 0.63 DECIDED RATE: 1.50Mbps 
ADJUST SCALE(@38.388936): EXPECTED_THR: 0.99 RECEIVED_THR: 0.81 PSNR: 33.96 QUALITY METRIC: 0.58 DECIDED RATE: 1.50Mbps 
ADJUST SCALE(@39.662751): EXPECTED_THR: 1.53 RECEIVED_THR: 0.90 PSNR: 17.96 QUALITY METRIC: 0.39 DECIDED RATE: 0.90Mbps 
ADJUST SCALE(@40.929253): EXPECTED_THR: 1.49 RECEIVED_THR: 0.90 PSNR: 18.41 QUALITY METRIC: 0.39 DECIDED RATE: 0.60Mbps 
ADJUST SCALE(@42.215900): EXPECTED_THR: 1.48 RECEIVED_THR: 0.91 PSNR: 19.01 QUALITY METRIC: 0.40 DECIDED RATE: 0.30Mbps 
ADJUST SCALE(@43.522498): EXPECTED_THR: 1.52 RECEIVED_THR: 0.90 PSNR: 17.85 QUALITY METRIC: 0.38 DECIDED RATE: 0.30Mbps 
ADJUST SCALE(@44.801395): EXPECTED_THR: 1.53 RECEIVED_THR: 0.88 PSNR: 16.95 QUALITY METRIC: 0.37 DECIDED RATE: 0.30Mbps 
ADJUST SCALE(@45.971358): EXPECTED_THR: 1.50 RECEIVED_THR: 0.89 PSNR: 18.01 QUALITY METRIC: 0.39 DECIDED RATE: 0.30Mbps 
ADJUST SCALE(@47.233728): EXPECTED_THR: 1.50 RECEIVED_THR: 0.96 PSNR: 20.66 QUALITY METRIC: 0.43 DECIDED RATE: 0.30Mbps 
ADJUST SCALE(@48.427486): EXPECTED_THR: 1.54 RECEIVED_THR: 0.89 PSNR: 17.27 QUALITY METRIC: 0.38 DECIDED RATE: 0.30Mbps 
ADJUST SCALE(@49.603166): EXPECTED_THR: 1.40 RECEIVED_THR: 0.91 PSNR: 20.75 QUALITY METRIC: 0.43 DECIDED RATE: 0.30Mbps 
ADJUST SCALE(@50.891869): EXPECTED_THR: 1.56 RECEIVED_THR: 0.95 PSNR: 18.81 QUALITY METRIC: 0.40 DECIDED RATE: 0.30Mbps 
ADJUST SCALE(@52.093191): EXPECTED_THR: 1.52 RECEIVED_THR: 0.94 PSNR: 19.13 QUALITY METRIC: 0.40 DECIDED RATE: 0.30Mbps 
ADJUST SCALE(@53.284951): EXPECTED_THR: 1.47 RECEIVED_THR: 0.93 PSNR: 20.14 QUALITY METRIC: 0.42 DECIDED RATE: 0.30Mbps 
ADJUST SCALE(@54.475301): EXPECTED_THR: 1.51 RECEIVED_THR: 0.90 PSNR: 18.10 QUALITY METRIC: 0.39 DECIDED RATE: 0.30Mbps 
ADJUST SCALE(@55.712871): EXPECTED_THR: 1.42 RECEIVED_THR: 0.89 PSNR: 19.89 QUALITY METRIC: 0.41 DECIDED RATE: 0.30Mbps 
ADJUST SCALE(@57.042669): EXPECTED_THR: 1.53 RECEIVED_THR: 0.90 PSNR: 17.67 QUALITY METRIC: 0.38 DECIDED RATE: 0.30Mbps 
ADJUST SCALE(@58.336699): EXPECTED_THR: 1.53 RECEIVED_THR: 0.95 PSNR: 19.19 QUALITY METRIC: 0.40 DECIDED RATE: 0.30Mbps 
ADJUST SCALE(@59.588483): EXPECTED_THR: 1.51 RECEIVED_THR: 0.90 PSNR: 18.07 QUALITY METRIC: 0.39 DECIDED RATE: 0.30Mbps 
ADJUST SCALE(@60.775551): EXPECTED_THR: 1.50 RECEIVED_THR: 0.94 PSNR: 19.68 QUALITY METRIC: 0.41 DECIDED RATE: 0.30Mbps 
ADJUST SCALE(@62.000160): EXPECTED_THR: 1.47 RECEIVED_THR: 0.93 PSNR: 19.95 QUALITY METRIC: 0.42 DECIDED RATE: 0.30Mbps 
ADJUST SCALE(@63.238353): EXPECTED_THR: 1.48 RECEIVED_THR: 0.88 PSNR: 18.02 QUALITY METRIC: 0.39 DECIDED RATE: 0.30Mbps 
ADJUST SCALE(@64.483880): EXPECTED_THR: 1.49 RECEIVED_THR: 0.91 PSNR: 18.72 QUALITY METRIC: 0.40 DECIDED RATE: 0.30Mbps 
ADJUST SCALE(@65.741587): EXPECTED_THR: 1.55 RECEIVED_THR: 0.92 PSNR: 17.84 QUALITY METRIC: 0.38 DECIDED RATE: 0.30Mbps 
ADJUST SCALE(@66.982358): EXPECTED_THR: 1.44 RECEIVED_THR: 0.86 PSNR: 18.24 QUALITY METRIC: 0.39 DECIDED RATE: 0.30Mbps 
ADJUST SCALE(@68.263097): EXPECTED_THR: 1.54 RECEIVED_THR: 0.91 PSNR: 17.69 QUALITY METRIC: 0.38 DECIDED RATE: 0.30Mbps 
ADJUST SCALE(@69.537826): EXPECTED_THR: 1.52 RECEIVED_THR: 0.85 PSNR: 16.51 QUALITY METRIC: 0.36 DECIDED RATE: 0.30Mbps 
ADJUST SCALE(@70.757448): EXPECTED_THR: 1.52 RECEIVED_THR: 0.93 PSNR: 19.08 QUALITY METRIC: 0.40 DECIDED RATE: 0.30Mbps 
ADJUST SCALE(@71.962819): EXPECTED_THR: 1.47 RECEIVED_THR: 0.86 PSNR: 17.62 QUALITY METRIC: 0.38 DECIDED RATE: 0.30Mbps 
ADJUST SCALE(@73.178536): EXPECTED_THR: 1.43 RECEIVED_THR: 0.84 PSNR: 17.69 QUALITY METRIC: 0.38 DECIDED RATE: 0.30Mbps 
ADJUST SCALE(@74.470381): EXPECTED_THR: 1.57 RECEIVED_THR: 0.92 PSNR: 17.59 QUALITY METRIC: 0.38 DECIDED RATE: 0.30Mbps 
ADJUST SCALE(@75.696810): EXPECTED_THR: 1.49 RECEIVED_THR: 0.86 PSNR: 17.30 QUALITY METRIC: 0.38 DECIDED RATE: 0.30Mbps 
ADJUST SCALE(@76.916356): EXPECTED_THR: 1.52 RECEIVED_THR: 0.93 PSNR: 18.94 QUALITY METRIC: 0.40 DECIDED RATE: 0.30Mbps 
ADJUST SCALE(@78.127068): EXPECTED_THR: 1.47 RECEIVED_THR: 0.93 PSNR: 19.92 QUALITY METRIC: 0.41 DECIDED RATE: 0.30Mbps 
ADJUST SCALE(@79.376863): EXPECTED_THR: 1.56 RECEIVED_THR: 0.93 PSNR: 18.16 QUALITY METRIC: 0.39 DECIDED RATE: 0.30Mbps 
ADJUST SCALE(@80.551173): EXPECTED_THR: 1.46 RECEIVED_THR: 0.88 PSNR: 18.47 QUALITY METRIC: 0.39 DECIDED RATE: 0.30Mbps 
ADJUST SCALE(@81.763847): EXPECTED_THR: 1.46 RECEIVED_THR: 0.94 PSNR: 20.41 QUALITY METRIC: 0.42 DECIDED RATE: 0.30Mbps 
ADJUST SCALE(@83.020123): EXPECTED_THR: 1.52 RECEIVED_THR: 0.96 PSNR: 19.98 QUALITY METRIC: 0.42 DECIDED RATE: 0.30Mbps 
ADJUST SCALE(@84.224265): EXPECTED_THR: 1.51 RECEIVED_THR: 0.92 PSNR: 18.95 QUALITY METRIC: 0.40 DECIDED RATE: 0.30Mbps 
ADJUST SCALE(@85.496868): EXPECTED_THR: 1.50 RECEIVED_THR: 0.96 PSNR: 20.21 QUALITY METRIC: 0.42 DECIDED RATE: 0.30Mbps 
ADJUST SCALE(@86.740010): EXPECTED_THR: 1.51 RECEIVED_THR: 0.93 PSNR: 19.20 QUALITY METRIC: 0.40 DECIDED RATE: 0.30Mbps 
ADJUST SCALE(@87.958866): EXPECTED_THR: 1.44 RECEIVED_THR: 0.91 PSNR: 19.89 QUALITY METRIC: 0.41 DECIDED RATE: 0.30Mbps 
ADJUST SCALE(@89.255919): EXPECTED_THR: 1.50 RECEIVED_THR: 0.91 PSNR: 18.78 QUALITY METRIC: 0.40 DECIDED RATE: 0.30Mbps 
ADJUST SCALE(@90.535799): EXPECTED_THR: 1.54 RECEIVED_THR: 0.88 PSNR: 16.84 QUALITY METRIC: 0.37 DECIDED RATE: 0.30Mbps 
ADJUST SCALE(@91.789483): EXPECTED_THR: 1.47 RECEIVED_THR: 0.89 PSNR: 18.41 QUALITY METRIC: 0.39 DECIDED RATE: 0.30Mbps 
ADJUST SCALE(@93.076027): EXPECTED_THR: 1.54 RECEIVED_THR: 0.90 PSNR: 17.49 QUALITY METRIC: 0.38 DECIDED RATE: 0.30Mbps 
ADJUST SCALE(@94.309354): EXPECTED_THR: 1.50 RECEIVED_THR: 0.91 PSNR: 18.72 QUALITY METRIC: 0.40 DECIDED RATE: 0.30Mbps 
ADJUST SCALE(@95.551141): EXPECTED_THR: 1.28 RECEIVED_THR: 0.82 PSNR: 20.51 QUALITY METRIC: 0.42 DECIDED RATE: 0.30Mbps 
ADJUST SCALE(@96.479341): EXPECTED_THR: 0.40 RECEIVED_THR: 0.40 PSNR: 100.00 QUALITY METRIC: 1.00 DECIDED RATE: 0.60Mbps 
ADJUST SCALE(@96.521157): EXPECTED_THR: 0.19 RECEIVED_THR: 0.19 PSNR: 100.00 QUALITY METRIC: 1.00 DECIDED RATE: 0.90Mbps 
ADJUST SCALE(@96.560901): EXPECTED_THR: 0.40 RECEIVED_THR: 0.40 PSNR: 100.00 QUALITY METRIC: 1.00 DECIDED RATE: 1.20Mbps 
ADJUST SCALE(@96.595685): EXPECTED_THR: 0.23 RECEIVED_THR: 0.23 PSNR: 100.00 QUALITY METRIC: 1.00 DECIDED RATE: 1.50Mbps 
ADJUST SCALE(@96.629339): EXPECTED_THR: 0.24 RECEIVED_THR: 0.24 PSNR: 100.00 QUALITY METRIC: 1.00 DECIDED RATE: 1.50Mbps 
ADJUST SCALE(@96.661073): EXPECTED_THR: 0.25 RECEIVED_THR: 0.25 PSNR: 100.00 QUALITY METRIC: 1.00 DECIDED RATE: 1.50Mbps 
ADJUST SCALE(@96.690888): EXPECTED_THR: 0.54 RECEIVED_THR: 0.54 PSNR: 100.00 QUALITY METRIC: 1.00 DECIDED RATE: 1.50Mbps 
ADJUST SCALE(@96.718383): EXPECTED_THR: 0.29 RECEIVED_THR: 0.29 PSNR: 100.00 QUALITY METRIC: 1.00 DECIDED RATE: 1.50Mbps 
ADJUST SCALE(@96.744370): EXPECTED_THR: 0.31 RECEIVED_THR: 0.31 PSNR: 100.00 QUALITY METRIC: 1.00 DECIDED RATE: 1.50Mbps 
ADJUST SCALE(@96.770049): EXPECTED_THR: 0.31 RECEIVED_THR: 0.31 PSNR: 100.00 QUALITY METRIC: 1.00 DECIDED RATE: 1.50Mbps 
ADJUST SCALE(@96.794478): EXPECTED_THR: 0.33 RECEIVED_THR: 0.33 PSNR: 100.00 QUALITY METRIC: 1.00 DECIDED RATE: 1.50Mbps 
ADJUST SCALE(@96.841207): EXPECTED_THR: 0.34 RECEIVED_THR: 0.34 PSNR: 100.00 QUALITY METRIC: 1.00 DECIDED RATE: 1.50Mbps 
ADJUST SCALE(@96.864488): EXPECTED_THR: 0.34 RECEIVED_THR: 0.34 PSNR: 100.00 QUALITY METRIC: 1.00 DECIDED RATE: 1.50Mbps 
ADJUST SCALE(@96.911275): EXPECTED_THR: 0.34 RECEIVED_THR: 0.34 PSNR: 100.00 QUALITY METRIC: 1.00 DECIDED RATE: 1.50Mbps 
ADJUST SCALE(@96.937992): EXPECTED_THR: 0.60 RECEIVED_THR: 0.60 PSNR: 100.00 QUALITY METRIC: 1.00 DECIDED RATE: 1.50Mbps 
ADJUST SCALE(@96.967171): EXPECTED_THR: 0.27 RECEIVED_THR: 0.27 PSNR: 100.00 QUALITY METRIC: 1.00 DECIDED RATE: 1.50Mbps 
ADJUST SCALE(@96.997161): EXPECTED_THR: 0.27 RECEIVED_THR: 0.27 PSNR: 100.00 QUALITY METRIC: 1.00 DECIDED RATE: 1.50Mbps 
ADJUST SCALE(@97.026580): EXPECTED_THR: 0.27 RECEIVED_THR: 0.27 PSNR: 100.00 QUALITY METRIC: 1.00 DECIDED RATE: 1.50Mbps 
ADJUST SCALE(@97.056135): EXPECTED_THR: 0.81 RECEIVED_THR: 0.81 PSNR: 100.00 QUALITY METRIC: 1.00 DECIDED RATE: 1.50Mbps 
ADJUST SCALE(@97.090326): EXPECTED_THR: 1.17 RECEIVED_THR: 1.17 PSNR: 100.00 QUALITY METRIC: 1.00 DECIDED RATE: 1.50Mbps 
ADJUST SCALE(@97.148955): EXPECTED_THR: 0.55 RECEIVED_THR: 0.55 PSNR: 100.00 QUALITY METRIC: 1.00 DECIDED RATE: 1.50Mbps 
ADJUST SCALE(@97.240859): EXPECTED_THR: 0.96 RECEIVED_THR: 0.96 PSNR: 100.00 QUALITY METRIC: 1.00 DECIDED RATE: 1.50Mbps 
ADJUST SCALE(@97.412699): EXPECTED_THR: 0.79 RECEIVED_THR: 0.79 PSNR: 100.00 QUALITY METRIC: 1.00 DECIDED RATE: 1.50Mbps 
ADJUST SCALE(@97.728587): EXPECTED_THR: 0.91 RECEIVED_THR: 0.91 PSNR: 100.00 QUALITY METRIC: 1.00 DECIDED RATE: 1.50Mbps 
ADJUST SCALE(@98.308652): EXPECTED_THR: 1.10 RECEIVED_THR: 0.83 PSNR: 27.73 QUALITY METRIC: 0.51 DECIDED RATE: 1.50Mbps 
ADJUST SCALE(@99.221919): EXPECTED_THR: 1.36 RECEIVED_THR: 0.88 PSNR: 20.72 QUALITY METRIC: 0.43 DECIDED RATE: 0.90Mbps 
