Load config file:hi.tcl
Starting Simulation...
num_nodes is set 4
channel.cc:sendUp - Calc highestAntennaZ_ and distCST_
highestAntennaZ_ = 1.5,  distCST_ = 175.4
ADJUST SCALE(@1.046667): EXPECTED_THR: 0.01 RECEIVED_THR: 0.01 PSNR: 100.00 QUALITY METRIC: 1.00 DECIDED RATE: 1.50Mbps 
ADJUST SCALE(@1.140002): EXPECTED_THR: 0.94 RECEIVED_THR: 0.69 PSNR: 25.99 QUALITY METRIC: 0.49 DECIDED RATE: 1.50Mbps 
ADJUST SCALE(@1.253888): EXPECTED_THR: 0.84 RECEIVED_THR: 0.91 PSNR: 100.00 QUALITY METRIC: 1.04 DECIDED RATE: 1.50Mbps 
ADJUST SCALE(@1.442525): EXPECTED_THR: 0.76 RECEIVED_THR: 0.76 PSNR: 100.00 QUALITY METRIC: 1.00 DECIDED RATE: 1.50Mbps 
ADJUST SCALE(@1.793339): EXPECTED_THR: 0.87 RECEIVED_THR: 0.87 PSNR: 100.00 QUALITY METRIC: 1.00 DECIDED RATE: 1.50Mbps 
ADJUST SCALE(@2.439424): EXPECTED_THR: 1.28 RECEIVED_THR: 0.84 PSNR: 21.59 QUALITY METRIC: 0.44 DECIDED RATE: 1.50Mbps 
ADJUST SCALE(@3.345612): EXPECTED_THR: 1.54 RECEIVED_THR: 0.94 PSNR: 18.91 QUALITY METRIC: 0.40 DECIDED RATE: 1.50Mbps 
ADJUST SCALE(@4.224411): EXPECTED_THR: 1.28 RECEIVED_THR: 1.01 PSNR: 30.95 QUALITY METRIC: 0.55 DECIDED RATE: 1.50Mbps 
ADJUST SCALE(@5.347777): EXPECTED_THR: 1.43 RECEIVED_THR: 1.08 PSNR: 27.83 QUALITY METRIC: 0.51 DECIDED RATE: 1.50Mbps 
ADJUST SCALE(@6.553272): EXPECTED_THR: 1.53 RECEIVED_THR: 0.86 PSNR: 16.46 QUALITY METRIC: 0.36 DECIDED RATE: 1.50Mbps 
ADJUST SCALE(@7.736498): EXPECTED_THR: 1.48 RECEIVED_THR: 0.79 PSNR: 15.28 QUALITY METRIC: 0.34 DECIDED RATE: 1.50Mbps 
ADJUST SCALE(@8.939544): EXPECTED_THR: 1.54 RECEIVED_THR: 0.82 PSNR: 15.39 QUALITY METRIC: 0.35 DECIDED RATE: 1.50Mbps 
ADJUST SCALE(@10.162127): EXPECTED_THR: 1.49 RECEIVED_THR: 0.80 PSNR: 15.51 QUALITY METRIC: 0.35 DECIDED RATE: 1.50Mbps 
ADJUST SCALE(@11.414313): EXPECTED_THR: 1.50 RECEIVED_THR: 1.05 PSNR: 23.94 QUALITY METRIC: 0.47 DECIDED RATE: 1.50Mbps 
ADJUST SCALE(@12.624186): EXPECTED_THR: 1.48 RECEIVED_THR: 0.98 PSNR: 21.62 QUALITY METRIC: 0.44 DECIDED RATE: 1.50Mbps 
ADJUST SCALE(@13.841874): EXPECTED_THR: 1.42 RECEIVED_THR: 1.05 PSNR: 27.00 QUALITY METRIC: 0.51 DECIDED RATE: 1.50Mbps 
ADJUST SCALE(@15.190174): EXPECTED_THR: 1.51 RECEIVED_THR: 0.96 PSNR: 20.31 QUALITY METRIC: 0.42 DECIDED RATE: 1.50Mbps 
ADJUST SCALE(@16.500098): EXPECTED_THR: 1.55 RECEIVED_THR: 1.06 PSNR: 23.03 QUALITY METRIC: 0.46 DECIDED RATE: 1.50Mbps 
ADJUST SCALE(@17.733593): EXPECTED_THR: 1.48 RECEIVED_THR: 1.02 PSNR: 23.33 QUALITY METRIC: 0.46 DECIDED RATE: 1.50Mbps 
ADJUST SCALE(@19.010587): EXPECTED_THR: 1.50 RECEIVED_THR: 1.06 PSNR: 24.56 QUALITY METRIC: 0.48 DECIDED RATE: 1.50Mbps 
ADJUST SCALE(@20.274246): EXPECTED_THR: 1.55 RECEIVED_THR: 1.06 PSNR: 23.15 QUALITY METRIC: 0.46 DECIDED RATE: 1.50Mbps 
ADJUST SCALE(@21.435358): EXPECTED_THR: 1.49 RECEIVED_THR: 1.03 PSNR: 23.71 QUALITY METRIC: 0.47 DECIDED RATE: 1.50Mbps 
ADJUST SCALE(@22.682806): EXPECTED_THR: 1.44 RECEIVED_THR: 0.96 PSNR: 21.97 QUALITY METRIC: 0.44 DECIDED RATE: 1.50Mbps 
ADJUST SCALE(@24.010846): EXPECTED_THR: 1.52 RECEIVED_THR: 1.06 PSNR: 23.79 QUALITY METRIC: 0.47 DECIDED RATE: 1.50Mbps 
ADJUST SCALE(@25.269574): EXPECTED_THR: 1.51 RECEIVED_THR: 1.04 PSNR: 23.10 QUALITY METRIC: 0.46 DECIDED RATE: 1.50Mbps 
ADJUST SCALE(@26.542333): EXPECTED_THR: 1.45 RECEIVED_THR: 1.01 PSNR: 24.08 QUALITY METRIC: 0.47 DECIDED RATE: 1.50Mbps 
ADJUST SCALE(@27.854263): EXPECTED_THR: 1.55 RECEIVED_THR: 1.02 PSNR: 21.51 QUALITY METRIC: 0.44 DECIDED RATE: 1.50Mbps 
ADJUST SCALE(@29.098786): EXPECTED_THR: 1.49 RECEIVED_THR: 1.07 PSNR: 25.45 QUALITY METRIC: 0.49 DECIDED RATE: 1.50Mbps 
ADJUST SCALE(@30.318190): EXPECTED_THR: 1.59 RECEIVED_THR: 1.17 PSNR: 26.37 QUALITY METRIC: 0.50 DECIDED RATE: 1.50Mbps 
ADJUST SCALE(@31.428337): EXPECTED_THR: 1.43 RECEIVED_THR: 1.04 PSNR: 26.36 QUALITY METRIC: 0.50 DECIDED RATE: 1.50Mbps 
ADJUST SCALE(@32.661411): EXPECTED_THR: 1.47 RECEIVED_THR: 1.01 PSNR: 22.97 QUALITY METRIC: 0.46 DECIDED RATE: 1.50Mbps 
ADJUST SCALE(@33.922884): EXPECTED_THR: 1.55 RECEIVED_THR: 1.08 PSNR: 23.68 QUALITY METRIC: 0.47 DECIDED RATE: 1.50Mbps 
ADJUST SCALE(@35.079780): EXPECTED_THR: 1.48 RECEIVED_THR: 1.04 PSNR: 24.46 QUALITY METRIC: 0.48 DECIDED RATE: 1.50Mbps 
ADJUST SCALE(@36.283152): EXPECTED_THR: 1.44 RECEIVED_THR: 1.04 PSNR: 25.95 QUALITY METRIC: 0.49 DECIDED RATE: 1.50Mbps 
ADJUST SCALE(@37.567893): EXPECTED_THR: 1.51 RECEIVED_THR: 1.10 PSNR: 26.07 QUALITY METRIC: 0.49 DECIDED RATE: 1.50Mbps 
ADJUST SCALE(@38.825735): EXPECTED_THR: 1.81 RECEIVED_THR: 1.14 PSNR: 19.90 QUALITY METRIC: 0.41 DECIDED RATE: 1.50Mbps 
ADJUST SCALE(@39.609408): EXPECTED_THR: 1.38 RECEIVED_THR: 1.08 PSNR: 30.76 QUALITY METRIC: 0.55 DECIDED RATE: 1.50Mbps 
ADJUST SCALE(@40.506868): EXPECTED_THR: 1.40 RECEIVED_THR: 1.04 PSNR: 27.35 QUALITY METRIC: 0.51 DECIDED RATE: 1.50Mbps 
ADJUST SCALE(@41.474973): EXPECTED_THR: 1.34 RECEIVED_THR: 0.98 PSNR: 26.53 QUALITY METRIC: 0.50 DECIDED RATE: 1.50Mbps 
ADJUST SCALE(@42.652857): EXPECTED_THR: 1.52 RECEIVED_THR: 1.11 PSNR: 26.35 QUALITY METRIC: 0.50 DECIDED RATE: 1.50Mbps 
ADJUST SCALE(@43.853466): EXPECTED_THR: 1.48 RECEIVED_THR: 0.97 PSNR: 21.18 QUALITY METRIC: 0.43 DECIDED RATE: 1.50Mbps 
ADJUST SCALE(@45.062977): EXPECTED_THR: 1.49 RECEIVED_THR: 1.10 PSNR: 27.11 QUALITY METRIC: 0.51 DECIDED RATE: 1.50Mbps 
ADJUST SCALE(@46.308081): EXPECTED_THR: 1.51 RECEIVED_THR: 1.01 PSNR: 22.06 QUALITY METRIC: 0.44 DECIDED RATE: 1.50Mbps 
ADJUST SCALE(@47.534991): EXPECTED_THR: 1.44 RECEIVED_THR: 1.00 PSNR: 23.87 QUALITY METRIC: 0.47 DECIDED RATE: 1.50Mbps 
ADJUST SCALE(@48.800248): EXPECTED_THR: 1.57 RECEIVED_THR: 1.00 PSNR: 20.27 QUALITY METRIC: 0.42 DECIDED RATE: 1.50Mbps 
ADJUST SCALE(@49.986176): EXPECTED_THR: 1.44 RECEIVED_THR: 1.01 PSNR: 24.36 QUALITY METRIC: 0.47 DECIDED RATE: 1.50Mbps 
ADJUST SCALE(@51.279384): EXPECTED_THR: 1.52 RECEIVED_THR: 1.08 PSNR: 24.77 QUALITY METRIC: 0.48 DECIDED RATE: 1.50Mbps 
ADJUST SCALE(@52.515497): EXPECTED_THR: 1.53 RECEIVED_THR: 1.07 PSNR: 24.02 QUALITY METRIC: 0.47 DECIDED RATE: 1.50Mbps 
ADJUST SCALE(@53.731566): EXPECTED_THR: 1.47 RECEIVED_THR: 1.03 PSNR: 24.14 QUALITY METRIC: 0.47 DECIDED RATE: 1.50Mbps 
ADJUST SCALE(@54.987867): EXPECTED_THR: 1.52 RECEIVED_THR: 0.97 PSNR: 20.59 QUALITY METRIC: 0.42 DECIDED RATE: 1.50Mbps 
ADJUST SCALE(@56.239055): EXPECTED_THR: 1.54 RECEIVED_THR: 0.99 PSNR: 20.61 QUALITY METRIC: 0.42 DECIDED RATE: 1.50Mbps 
ADJUST SCALE(@57.434212): EXPECTED_THR: 1.50 RECEIVED_THR: 1.08 PSNR: 25.37 QUALITY METRIC: 0.49 DECIDED RATE: 1.50Mbps 
ADJUST SCALE(@58.623109): EXPECTED_THR: 1.44 RECEIVED_THR: 1.07 PSNR: 27.17 QUALITY METRIC: 0.51 DECIDED RATE: 1.50Mbps 
ADJUST SCALE(@59.898893): EXPECTED_THR: 1.55 RECEIVED_THR: 1.03 PSNR: 22.05 QUALITY METRIC: 0.44 DECIDED RATE: 1.50Mbps 
ADJUST SCALE(@61.090026): EXPECTED_THR: 1.48 RECEIVED_THR: 1.05 PSNR: 24.48 QUALITY METRIC: 0.48 DECIDED RATE: 1.50Mbps 
ADJUST SCALE(@62.321877): EXPECTED_THR: 1.47 RECEIVED_THR: 1.03 PSNR: 23.82 QUALITY METRIC: 0.47 DECIDED RATE: 1.50Mbps 
ADJUST SCALE(@63.559678): EXPECTED_THR: 1.47 RECEIVED_THR: 0.99 PSNR: 22.24 QUALITY METRIC: 0.45 DECIDED RATE: 1.50Mbps 
ADJUST SCALE(@64.803041): EXPECTED_THR: 1.51 RECEIVED_THR: 0.99 PSNR: 21.47 QUALITY METRIC: 0.44 DECIDED RATE: 1.50Mbps 
ADJUST SCALE(@66.080119): EXPECTED_THR: 1.52 RECEIVED_THR: 0.90 PSNR: 18.08 QUALITY METRIC: 0.39 DECIDED RATE: 1.50Mbps 
ADJUST SCALE(@67.327449): EXPECTED_THR: 1.45 RECEIVED_THR: 0.83 PSNR: 16.92 QUALITY METRIC: 0.37 DECIDED RATE: 1.50Mbps 
ADJUST SCALE(@68.637439): EXPECTED_THR: 1.55 RECEIVED_THR: 0.79 PSNR: 14.34 QUALITY METRIC: 0.33 DECIDED RATE: 1.50Mbps 
ADJUST SCALE(@69.871732): EXPECTED_THR: 1.61 RECEIVED_THR: 0.86 PSNR: 15.37 QUALITY METRIC: 0.34 DECIDED RATE: 1.50Mbps 
ADJUST SCALE(@70.978012): EXPECTED_THR: 1.53 RECEIVED_THR: 0.81 PSNR: 15.13 QUALITY METRIC: 0.34 DECIDED RATE: 1.50Mbps 
ADJUST SCALE(@72.006661): EXPECTED_THR: 1.49 RECEIVED_THR: 0.86 PSNR: 17.02 QUALITY METRIC: 0.37 DECIDED RATE: 1.50Mbps 
ADJUST SCALE(@73.063091): EXPECTED_THR: 1.39 RECEIVED_THR: 0.80 PSNR: 17.31 QUALITY METRIC: 0.38 DECIDED RATE: 1.50Mbps 
ADJUST SCALE(@74.231320): EXPECTED_THR: 1.47 RECEIVED_THR: 0.81 PSNR: 15.92 QUALITY METRIC: 0.35 DECIDED RATE: 1.50Mbps 
ADJUST SCALE(@75.471874): EXPECTED_THR: 1.51 RECEIVED_THR: 0.81 PSNR: 15.46 QUALITY METRIC: 0.35 DECIDED RATE: 1.50Mbps 
ADJUST SCALE(@76.692882): EXPECTED_THR: 1.45 RECEIVED_THR: 0.85 PSNR: 17.62 QUALITY METRIC: 0.38 DECIDED RATE: 1.50Mbps 
ADJUST SCALE(@77.962099): EXPECTED_THR: 1.58 RECEIVED_THR: 0.84 PSNR: 15.19 QUALITY METRIC: 0.34 DECIDED RATE: 1.50Mbps 
ADJUST SCALE(@79.173947): EXPECTED_THR: 1.58 RECEIVED_THR: 0.81 PSNR: 14.37 QUALITY METRIC: 0.33 DECIDED RATE: 1.50Mbps 
ADJUST SCALE(@80.215985): EXPECTED_THR: 1.36 RECEIVED_THR: 0.84 PSNR: 19.13 QUALITY METRIC: 0.40 DECIDED RATE: 1.50Mbps 
ADJUST SCALE(@81.416375): EXPECTED_THR: 1.51 RECEIVED_THR: 0.81 PSNR: 15.23 QUALITY METRIC: 0.34 DECIDED RATE: 1.50Mbps 
ADJUST SCALE(@82.668625): EXPECTED_THR: 1.51 RECEIVED_THR: 0.77 PSNR: 14.12 QUALITY METRIC: 0.32 DECIDED RATE: 1.50Mbps 
ADJUST SCALE(@83.871499): EXPECTED_THR: 1.56 RECEIVED_THR: 0.84 PSNR: 15.46 QUALITY METRIC: 0.35 DECIDED RATE: 1.50Mbps 
ADJUST SCALE(@84.981543): EXPECTED_THR: 1.41 RECEIVED_THR: 0.82 PSNR: 17.43 QUALITY METRIC: 0.38 DECIDED RATE: 1.50Mbps 
ADJUST SCALE(@86.247643): EXPECTED_THR: 1.54 RECEIVED_THR: 0.86 PSNR: 16.30 QUALITY METRIC: 0.36 DECIDED RATE: 1.50Mbps 
ADJUST SCALE(@87.405407): EXPECTED_THR: 1.44 RECEIVED_THR: 0.83 PSNR: 17.20 QUALITY METRIC: 0.37 DECIDED RATE: 1.50Mbps 
ADJUST SCALE(@88.666958): EXPECTED_THR: 1.57 RECEIVED_THR: 0.81 PSNR: 14.61 QUALITY METRIC: 0.33 DECIDED RATE: 1.50Mbps 
ADJUST SCALE(@89.860178): EXPECTED_THR: 1.46 RECEIVED_THR: 0.81 PSNR: 16.20 QUALITY METRIC: 0.36 DECIDED RATE: 1.50Mbps 
ADJUST SCALE(@91.088411): EXPECTED_THR: 1.49 RECEIVED_THR: 0.81 PSNR: 15.70 QUALITY METRIC: 0.35 DECIDED RATE: 1.50Mbps 
ADJUST SCALE(@92.338643): EXPECTED_THR: 1.47 RECEIVED_THR: 0.81 PSNR: 15.98 QUALITY METRIC: 0.36 DECIDED RATE: 1.50Mbps 
ADJUST SCALE(@93.623788): EXPECTED_THR: 1.54 RECEIVED_THR: 0.84 PSNR: 15.72 QUALITY METRIC: 0.35 DECIDED RATE: 1.50Mbps 
ADJUST SCALE(@94.882677): EXPECTED_THR: 1.51 RECEIVED_THR: 0.88 PSNR: 17.54 QUALITY METRIC: 0.38 DECIDED RATE: 1.50Mbps 
ADJUST SCALE(@96.074650): EXPECTED_THR: 1.46 RECEIVED_THR: 0.79 PSNR: 15.39 QUALITY METRIC: 0.35 DECIDED RATE: 1.50Mbps 
ADJUST SCALE(@97.376903): EXPECTED_THR: 1.54 RECEIVED_THR: 0.87 PSNR: 16.68 QUALITY METRIC: 0.37 DECIDED RATE: 1.50Mbps 
ADJUST SCALE(@98.588513): EXPECTED_THR: 1.48 RECEIVED_THR: 0.84 PSNR: 16.74 QUALITY METRIC: 0.37 DECIDED RATE: 1.50Mbps 
ADJUST SCALE(@99.820806): EXPECTED_THR: 1.48 RECEIVED_THR: 0.81 PSNR: 15.89 QUALITY METRIC: 0.35 DECIDED RATE: 1.50Mbps 
