\BOOKMARK [1][]{section.1}{1 Part A \205 Static Model}{}% 1
\BOOKMARK [2][]{subsection.1.1}{1.1 Model and Parameter}{section.1}% 2
\BOOKMARK [2][]{subsection.1.2}{1.2 Performance Analysis}{section.1}% 3
\BOOKMARK [3][]{subsubsection.1.2.1}{1.2.1 Delay Compare}{subsection.1.2}% 4
\BOOKMARK [3][]{subsubsection.1.2.2}{1.2.2 Delay Jitter Compare}{subsection.1.2}% 5
\BOOKMARK [3][]{subsubsection.1.2.3}{1.2.3 Throughput Compare}{subsection.1.2}% 6
\BOOKMARK [3][]{subsubsection.1.2.4}{1.2.4 Loss Rate Compare}{subsection.1.2}% 7
\BOOKMARK [3][]{subsubsection.1.2.5}{1.2.5 PSNR Compare}{subsection.1.2}% 8
\BOOKMARK [3][]{subsubsection.1.2.6}{1.2.6 Summary}{subsection.1.2}% 9
\BOOKMARK [1][]{section.2}{2 Part B \205 Movable Model}{}% 10
\BOOKMARK [2][]{subsection.2.1}{2.1 Performance Analysis}{section.2}% 11
\BOOKMARK [3][]{subsubsection.2.1.1}{2.1.1 Delay Compare}{subsection.2.1}% 12
\BOOKMARK [3][]{subsubsection.2.1.2}{2.1.2 Delay Jitter Compare}{subsection.2.1}% 13
\BOOKMARK [3][]{subsubsection.2.1.3}{2.1.3 Throughput Compare}{subsection.2.1}% 14
\BOOKMARK [3][]{subsubsection.2.1.4}{2.1.4 Loss Rate Compare}{subsection.2.1}% 15
\BOOKMARK [3][]{subsubsection.2.1.5}{2.1.5 PSNR Compare}{subsection.2.1}% 16
\BOOKMARK [3][]{subsubsection.2.1.6}{2.1.6 Summary}{subsection.2.1}% 17
\BOOKMARK [1][]{section.3}{3 Appendix}{}% 18
\BOOKMARK [2][]{subsection.3.1}{3.1 TCL simulation script files}{section.3}% 19
\BOOKMARK [2][]{subsection.3.2}{3.2 AWK analysis script file}{section.3}% 20
\BOOKMARK [2][]{subsection.3.3}{3.3 Build script file}{section.3}% 21
\BOOKMARK [2][]{subsection.3.4}{3.4 Readme}{section.3}% 22
