Load config file:ad.tcl
Starting Simulation...
num_nodes is set 70
channel.cc:sendUp - Calc highestAntennaZ_ and distCST_
highestAntennaZ_ = 1.5,  distCST_ = 175.4
ADJUST SCALE(@1.101910): EXPECTED_THR: 0.01 RECEIVED_THR: 0.01 PSNR: 100.00 QUALITY METRIC: 1.00 DECIDED RATE: 0.60Mbps 
ADJUST SCALE(@1.305730): EXPECTED_THR: 0.08 RECEIVED_THR: 0.16 PSNR: 100.00 QUALITY METRIC: 1.50 DECIDED RATE: 0.90Mbps 
ADJUST SCALE(@1.544137): EXPECTED_THR: 0.37 RECEIVED_THR: 0.30 PSNR: 34.09 QUALITY METRIC: 0.58 DECIDED RATE: 1.20Mbps 
ADJUST SCALE(@1.940949): EXPECTED_THR: 0.26 RECEIVED_THR: 0.26 PSNR: 100.00 QUALITY METRIC: 1.00 DECIDED RATE: 1.50Mbps 
ADJUST SCALE(@2.706375): EXPECTED_THR: 0.23 RECEIVED_THR: 0.21 PSNR: 47.96 QUALITY METRIC: 0.69 DECIDED RATE: 1.50Mbps 
ADJUST SCALE(@5.902413): EXPECTED_THR: 2.43 RECEIVED_THR: 0.41 PSNR: 3.70 QUALITY METRIC: 0.10 DECIDED RATE: 0.90Mbps 
ADJUST SCALE(@5.913537): EXPECTED_THR: 1.44 RECEIVED_THR: 1.44 PSNR: 100.00 QUALITY METRIC: 1.00 DECIDED RATE: 1.20Mbps 
ADJUST SCALE(@5.924836): EXPECTED_THR: 0.71 RECEIVED_THR: 0.71 PSNR: 100.00 QUALITY METRIC: 1.00 DECIDED RATE: 1.50Mbps 
ADJUST SCALE(@5.936347): EXPECTED_THR: 0.69 RECEIVED_THR: 0.69 PSNR: 100.00 QUALITY METRIC: 1.00 DECIDED RATE: 1.50Mbps 
ADJUST SCALE(@5.947556): EXPECTED_THR: 0.71 RECEIVED_THR: 0.71 PSNR: 100.00 QUALITY METRIC: 1.00 DECIDED RATE: 1.50Mbps 
ADJUST SCALE(@5.959131): EXPECTED_THR: 1.38 RECEIVED_THR: 1.38 PSNR: 100.00 QUALITY METRIC: 1.00 DECIDED RATE: 1.50Mbps 
ADJUST SCALE(@5.971013): EXPECTED_THR: 0.67 RECEIVED_THR: 0.67 PSNR: 100.00 QUALITY METRIC: 1.00 DECIDED RATE: 1.50Mbps 
ADJUST SCALE(@5.982491): EXPECTED_THR: 0.70 RECEIVED_THR: 0.70 PSNR: 100.00 QUALITY METRIC: 1.00 DECIDED RATE: 1.50Mbps 
ADJUST SCALE(@5.993888): EXPECTED_THR: 1.40 RECEIVED_THR: 1.40 PSNR: 100.00 QUALITY METRIC: 1.00 DECIDED RATE: 1.50Mbps 
ADJUST SCALE(@6.005636): EXPECTED_THR: 0.68 RECEIVED_THR: 0.68 PSNR: 100.00 QUALITY METRIC: 1.00 DECIDED RATE: 1.50Mbps 
ADJUST SCALE(@6.017337): EXPECTED_THR: 0.68 RECEIVED_THR: 0.68 PSNR: 100.00 QUALITY METRIC: 1.00 DECIDED RATE: 1.50Mbps 
ADJUST SCALE(@6.028880): EXPECTED_THR: 1.39 RECEIVED_THR: 1.39 PSNR: 100.00 QUALITY METRIC: 1.00 DECIDED RATE: 1.50Mbps 
ADJUST SCALE(@6.040630): EXPECTED_THR: 0.68 RECEIVED_THR: 0.68 PSNR: 100.00 QUALITY METRIC: 1.00 DECIDED RATE: 1.50Mbps 
ADJUST SCALE(@6.052452): EXPECTED_THR: 0.68 RECEIVED_THR: 0.68 PSNR: 100.00 QUALITY METRIC: 1.00 DECIDED RATE: 1.50Mbps 
ADJUST SCALE(@6.063955): EXPECTED_THR: 0.70 RECEIVED_THR: 0.70 PSNR: 100.00 QUALITY METRIC: 1.00 DECIDED RATE: 1.50Mbps 
ADJUST SCALE(@6.075716): EXPECTED_THR: 1.36 RECEIVED_THR: 1.36 PSNR: 100.00 QUALITY METRIC: 1.00 DECIDED RATE: 1.50Mbps 
ADJUST SCALE(@6.087586): EXPECTED_THR: 0.67 RECEIVED_THR: 0.67 PSNR: 100.00 QUALITY METRIC: 1.00 DECIDED RATE: 1.50Mbps 
ADJUST SCALE(@6.099445): EXPECTED_THR: 0.67 RECEIVED_THR: 0.67 PSNR: 100.00 QUALITY METRIC: 1.00 DECIDED RATE: 1.50Mbps 
ADJUST SCALE(@6.111072): EXPECTED_THR: 1.38 RECEIVED_THR: 1.38 PSNR: 100.00 QUALITY METRIC: 1.00 DECIDED RATE: 1.50Mbps 
ADJUST SCALE(@6.122778): EXPECTED_THR: 0.68 RECEIVED_THR: 0.68 PSNR: 100.00 QUALITY METRIC: 1.00 DECIDED RATE: 1.50Mbps 
ADJUST SCALE(@6.134077): EXPECTED_THR: 0.71 RECEIVED_THR: 0.71 PSNR: 100.00 QUALITY METRIC: 1.00 DECIDED RATE: 1.50Mbps 
ADJUST SCALE(@6.145516): EXPECTED_THR: 1.40 RECEIVED_THR: 1.40 PSNR: 100.00 QUALITY METRIC: 1.00 DECIDED RATE: 1.50Mbps 
ADJUST SCALE(@6.157264): EXPECTED_THR: 0.68 RECEIVED_THR: 0.68 PSNR: 100.00 QUALITY METRIC: 1.00 DECIDED RATE: 1.50Mbps 
ADJUST SCALE(@6.168827): EXPECTED_THR: 1.38 RECEIVED_THR: 1.38 PSNR: 100.00 QUALITY METRIC: 1.00 DECIDED RATE: 1.50Mbps 
ADJUST SCALE(@6.180120): EXPECTED_THR: 0.71 RECEIVED_THR: 0.71 PSNR: 100.00 QUALITY METRIC: 1.00 DECIDED RATE: 1.50Mbps 
ADJUST SCALE(@6.191563): EXPECTED_THR: 0.70 RECEIVED_THR: 0.70 PSNR: 100.00 QUALITY METRIC: 1.00 DECIDED RATE: 1.50Mbps 
ADJUST SCALE(@6.202639): EXPECTED_THR: 0.72 RECEIVED_THR: 0.72 PSNR: 100.00 QUALITY METRIC: 1.00 DECIDED RATE: 1.50Mbps 
ADJUST SCALE(@6.213440): EXPECTED_THR: 0.74 RECEIVED_THR: 0.74 PSNR: 100.00 QUALITY METRIC: 1.00 DECIDED RATE: 1.50Mbps 
ADJUST SCALE(@6.224571): EXPECTED_THR: 0.72 RECEIVED_THR: 0.72 PSNR: 100.00 QUALITY METRIC: 1.00 DECIDED RATE: 1.50Mbps 
ADJUST SCALE(@6.235713): EXPECTED_THR: 1.44 RECEIVED_THR: 1.44 PSNR: 100.00 QUALITY METRIC: 1.00 DECIDED RATE: 1.50Mbps 
ADJUST SCALE(@6.247012): EXPECTED_THR: 0.71 RECEIVED_THR: 0.71 PSNR: 100.00 QUALITY METRIC: 1.00 DECIDED RATE: 1.50Mbps 
ADJUST SCALE(@6.258488): EXPECTED_THR: 0.70 RECEIVED_THR: 0.70 PSNR: 100.00 QUALITY METRIC: 1.00 DECIDED RATE: 1.50Mbps 
ADJUST SCALE(@6.269570): EXPECTED_THR: 1.44 RECEIVED_THR: 1.44 PSNR: 100.00 QUALITY METRIC: 1.00 DECIDED RATE: 1.50Mbps 
ADJUST SCALE(@6.280921): EXPECTED_THR: 0.70 RECEIVED_THR: 0.70 PSNR: 100.00 QUALITY METRIC: 1.00 DECIDED RATE: 1.50Mbps 
ADJUST SCALE(@6.292322): EXPECTED_THR: 0.70 RECEIVED_THR: 0.70 PSNR: 100.00 QUALITY METRIC: 1.00 DECIDED RATE: 1.50Mbps 
ADJUST SCALE(@6.303396): EXPECTED_THR: 0.72 RECEIVED_THR: 0.72 PSNR: 100.00 QUALITY METRIC: 1.00 DECIDED RATE: 1.50Mbps 
ADJUST SCALE(@6.314658): EXPECTED_THR: 1.42 RECEIVED_THR: 1.42 PSNR: 100.00 QUALITY METRIC: 1.00 DECIDED RATE: 1.50Mbps 
ADJUST SCALE(@6.326479): EXPECTED_THR: 0.68 RECEIVED_THR: 0.68 PSNR: 100.00 QUALITY METRIC: 1.00 DECIDED RATE: 1.50Mbps 
ADJUST SCALE(@6.338689): EXPECTED_THR: 0.66 RECEIVED_THR: 0.66 PSNR: 100.00 QUALITY METRIC: 1.00 DECIDED RATE: 1.50Mbps 
ADJUST SCALE(@6.350539): EXPECTED_THR: 1.35 RECEIVED_THR: 1.35 PSNR: 100.00 QUALITY METRIC: 1.00 DECIDED RATE: 1.50Mbps 
ADJUST SCALE(@6.363609): EXPECTED_THR: 1.22 RECEIVED_THR: 1.22 PSNR: 100.00 QUALITY METRIC: 1.00 DECIDED RATE: 1.50Mbps 
ADJUST SCALE(@6.378057): EXPECTED_THR: 1.11 RECEIVED_THR: 1.11 PSNR: 100.00 QUALITY METRIC: 1.00 DECIDED RATE: 1.50Mbps 
ADJUST SCALE(@6.394656): EXPECTED_THR: 1.45 RECEIVED_THR: 1.45 PSNR: 100.00 QUALITY METRIC: 1.00 DECIDED RATE: 1.50Mbps 
ADJUST SCALE(@6.414661): EXPECTED_THR: 1.20 RECEIVED_THR: 1.20 PSNR: 100.00 QUALITY METRIC: 1.00 DECIDED RATE: 1.50Mbps 
ADJUST SCALE(@6.439320): EXPECTED_THR: 0.97 RECEIVED_THR: 0.97 PSNR: 100.00 QUALITY METRIC: 1.00 DECIDED RATE: 1.50Mbps 
ADJUST SCALE(@6.470418): EXPECTED_THR: 1.29 RECEIVED_THR: 1.29 PSNR: 100.00 QUALITY METRIC: 1.00 DECIDED RATE: 1.50Mbps 
ADJUST SCALE(@6.511926): EXPECTED_THR: 1.35 RECEIVED_THR: 1.35 PSNR: 100.00 QUALITY METRIC: 1.00 DECIDED RATE: 1.50Mbps 
ADJUST SCALE(@6.568593): EXPECTED_THR: 1.27 RECEIVED_THR: 1.27 PSNR: 100.00 QUALITY METRIC: 1.00 DECIDED RATE: 1.50Mbps 
ADJUST SCALE(@6.640758): EXPECTED_THR: 1.33 RECEIVED_THR: 1.33 PSNR: 100.00 QUALITY METRIC: 1.00 DECIDED RATE: 1.50Mbps 
ADJUST SCALE(@6.738455): EXPECTED_THR: 1.23 RECEIVED_THR: 1.23 PSNR: 100.00 QUALITY METRIC: 1.00 DECIDED RATE: 1.50Mbps 
ADJUST SCALE(@6.866235): EXPECTED_THR: 1.25 RECEIVED_THR: 1.25 PSNR: 100.00 QUALITY METRIC: 1.00 DECIDED RATE: 1.50Mbps 
ADJUST SCALE(@7.032754): EXPECTED_THR: 1.35 RECEIVED_THR: 1.35 PSNR: 100.00 QUALITY METRIC: 1.00 DECIDED RATE: 1.50Mbps 
ADJUST SCALE(@7.245872): EXPECTED_THR: 1.24 RECEIVED_THR: 1.24 PSNR: 100.00 QUALITY METRIC: 1.00 DECIDED RATE: 1.50Mbps 
ADJUST SCALE(@7.513057): EXPECTED_THR: 1.35 RECEIVED_THR: 1.35 PSNR: 100.00 QUALITY METRIC: 1.00 DECIDED RATE: 1.50Mbps 
ADJUST SCALE(@7.854462): EXPECTED_THR: 1.29 RECEIVED_THR: 1.29 PSNR: 100.00 QUALITY METRIC: 1.00 DECIDED RATE: 1.50Mbps 
ADJUST SCALE(@8.282266): EXPECTED_THR: 1.46 RECEIVED_THR: 1.35 PSNR: 51.30 QUALITY METRIC: 0.72 DECIDED RATE: 1.50Mbps 
ADJUST SCALE(@8.746731): EXPECTED_THR: 1.50 RECEIVED_THR: 1.48 PSNR: 89.32 QUALITY METRIC: 0.94 DECIDED RATE: 1.50Mbps 
ADJUST SCALE(@9.208991): EXPECTED_THR: 1.37 RECEIVED_THR: 1.28 PSNR: 55.20 QUALITY METRIC: 0.74 DECIDED RATE: 1.50Mbps 
ADJUST SCALE(@9.752770): EXPECTED_THR: 1.63 RECEIVED_THR: 1.46 PSNR: 44.49 QUALITY METRIC: 0.67 DECIDED RATE: 1.50Mbps 
ADJUST SCALE(@10.215346): EXPECTED_THR: 1.52 RECEIVED_THR: 1.44 PSNR: 57.36 QUALITY METRIC: 0.76 DECIDED RATE: 1.50Mbps 
ADJUST SCALE(@10.662210): EXPECTED_THR: 1.45 RECEIVED_THR: 1.40 PSNR: 65.92 QUALITY METRIC: 0.81 DECIDED RATE: 1.50Mbps 
ADJUST SCALE(@11.125899): EXPECTED_THR: 1.55 RECEIVED_THR: 1.50 PSNR: 68.02 QUALITY METRIC: 0.82 DECIDED RATE: 1.50Mbps 
ADJUST SCALE(@11.559882): EXPECTED_THR: 1.46 RECEIVED_THR: 1.42 PSNR: 73.53 QUALITY METRIC: 0.85 DECIDED RATE: 1.50Mbps 
ADJUST SCALE(@12.028828): EXPECTED_THR: 1.45 RECEIVED_THR: 1.42 PSNR: 74.99 QUALITY METRIC: 0.86 DECIDED RATE: 1.50Mbps 
ADJUST SCALE(@12.521641): EXPECTED_THR: 1.54 RECEIVED_THR: 1.51 PSNR: 77.21 QUALITY METRIC: 0.88 DECIDED RATE: 1.50Mbps 
ADJUST SCALE(@12.990741): EXPECTED_THR: 1.31 RECEIVED_THR: 1.28 PSNR: 73.01 QUALITY METRIC: 0.85 DECIDED RATE: 1.50Mbps 
ADJUST SCALE(@13.471534): EXPECTED_THR: 1.45 RECEIVED_THR: 1.31 PSNR: 47.73 QUALITY METRIC: 0.69 DECIDED RATE: 1.50Mbps 
ADJUST SCALE(@14.085086): EXPECTED_THR: 1.54 RECEIVED_THR: 1.47 PSNR: 63.22 QUALITY METRIC: 0.79 DECIDED RATE: 1.50Mbps 
ADJUST SCALE(@14.646781): EXPECTED_THR: 1.51 RECEIVED_THR: 1.48 PSNR: 79.41 QUALITY METRIC: 0.89 DECIDED RATE: 1.50Mbps 
ADJUST SCALE(@15.226048): EXPECTED_THR: 1.51 RECEIVED_THR: 1.27 PSNR: 37.16 QUALITY METRIC: 0.61 DECIDED RATE: 1.50Mbps 
ADJUST SCALE(@15.799778): EXPECTED_THR: 1.39 RECEIVED_THR: 1.23 PSNR: 42.41 QUALITY METRIC: 0.65 DECIDED RATE: 1.50Mbps 
ADJUST SCALE(@16.446138): EXPECTED_THR: 1.66 RECEIVED_THR: 1.55 PSNR: 54.01 QUALITY METRIC: 0.74 DECIDED RATE: 1.50Mbps 
ADJUST SCALE(@16.990104): EXPECTED_THR: 1.57 RECEIVED_THR: 1.50 PSNR: 61.27 QUALITY METRIC: 0.78 DECIDED RATE: 1.50Mbps 
ADJUST SCALE(@17.458023): EXPECTED_THR: 1.44 RECEIVED_THR: 1.42 PSNR: 88.62 QUALITY METRIC: 0.94 DECIDED RATE: 1.50Mbps 
ADJUST SCALE(@17.965658): EXPECTED_THR: 1.59 RECEIVED_THR: 1.47 PSNR: 50.71 QUALITY METRIC: 0.71 DECIDED RATE: 1.50Mbps 
ADJUST SCALE(@18.404857): EXPECTED_THR: 1.46 RECEIVED_THR: 1.40 PSNR: 65.67 QUALITY METRIC: 0.81 DECIDED RATE: 1.50Mbps 
ADJUST SCALE(@18.872769): EXPECTED_THR: 1.47 RECEIVED_THR: 1.40 PSNR: 61.36 QUALITY METRIC: 0.78 DECIDED RATE: 1.50Mbps 
ADJUST SCALE(@19.335198): EXPECTED_THR: 1.52 RECEIVED_THR: 1.47 PSNR: 67.57 QUALITY METRIC: 0.82 DECIDED RATE: 1.50Mbps 
ADJUST SCALE(@19.795424): EXPECTED_THR: 1.51 RECEIVED_THR: 1.51 PSNR: 100.00 QUALITY METRIC: 1.00 DECIDED RATE: 1.50Mbps 
ADJUST SCALE(@20.263440): EXPECTED_THR: 1.49 RECEIVED_THR: 1.44 PSNR: 67.35 QUALITY METRIC: 0.82 DECIDED RATE: 1.50Mbps 
ADJUST SCALE(@20.728001): EXPECTED_THR: 1.52 RECEIVED_THR: 1.43 PSNR: 57.36 QUALITY METRIC: 0.76 DECIDED RATE: 1.50Mbps 
ADJUST SCALE(@21.193637): EXPECTED_THR: 1.51 RECEIVED_THR: 1.43 PSNR: 57.36 QUALITY METRIC: 0.76 DECIDED RATE: 1.50Mbps 
ADJUST SCALE(@21.654096): EXPECTED_THR: 1.48 RECEIVED_THR: 1.42 PSNR: 66.88 QUALITY METRIC: 0.82 DECIDED RATE: 1.50Mbps 
ADJUST SCALE(@22.118680): EXPECTED_THR: 2.12 RECEIVED_THR: 0.79 PSNR: 9.37 QUALITY METRIC: 0.23 DECIDED RATE: 0.90Mbps 
ADJUST SCALE(@22.478639): EXPECTED_THR: 0.89 RECEIVED_THR: 0.89 PSNR: 100.00 QUALITY METRIC: 1.00 DECIDED RATE: 1.20Mbps 
ADJUST SCALE(@22.792081): EXPECTED_THR: 0.87 RECEIVED_THR: 0.87 PSNR: 100.00 QUALITY METRIC: 1.00 DECIDED RATE: 1.50Mbps 
ADJUST SCALE(@23.371746): EXPECTED_THR: 1.42 RECEIVED_THR: 0.99 PSNR: 24.01 QUALITY METRIC: 0.47 DECIDED RATE: 0.90Mbps 
ADJUST SCALE(@24.093661): EXPECTED_THR: 1.50 RECEIVED_THR: 1.03 PSNR: 23.35 QUALITY METRIC: 0.46 DECIDED RATE: 0.60Mbps 
ADJUST SCALE(@24.808578): EXPECTED_THR: 1.51 RECEIVED_THR: 1.00 PSNR: 21.53 QUALITY METRIC: 0.44 DECIDED RATE: 0.30Mbps 
ADJUST SCALE(@25.509964): EXPECTED_THR: 0.74 RECEIVED_THR: 0.49 PSNR: 21.67 QUALITY METRIC: 0.44 DECIDED RATE: 0.30Mbps 
ADJUST SCALE(@26.203501): EXPECTED_THR: 2.36 RECEIVED_THR: 0.44 PSNR: 4.10 QUALITY METRIC: 0.11 DECIDED RATE: 0.30Mbps 
ADJUST SCALE(@27.538763): EXPECTED_THR: 5.44 RECEIVED_THR: 0.60 PSNR: 2.33 QUALITY METRIC: 0.07 DECIDED RATE: 0.30Mbps 
ADJUST SCALE(@28.282302): EXPECTED_THR: 1.64 RECEIVED_THR: 0.39 PSNR: 5.41 QUALITY METRIC: 0.15 DECIDED RATE: 0.30Mbps 
ADJUST SCALE(@28.712575): EXPECTED_THR: 2.49 RECEIVED_THR: 0.09 PSNR: 0.76 QUALITY METRIC: 0.02 DECIDED RATE: 0.30Mbps 
ADJUST SCALE(@29.021164): EXPECTED_THR: 0.08 RECEIVED_THR: 0.08 PSNR: 100.00 QUALITY METRIC: 1.00 DECIDED RATE: 0.60Mbps 
ADJUST SCALE(@32.738523): EXPECTED_THR: 20.56 RECEIVED_THR: 0.48 PSNR: 0.47 QUALITY METRIC: 0.01 DECIDED RATE: 0.30Mbps 
ADJUST SCALE(@33.140658): EXPECTED_THR: 0.42 RECEIVED_THR: 0.58 PSNR: 100.00 QUALITY METRIC: 1.19 DECIDED RATE: 0.60Mbps 
ADJUST SCALE(@34.085196): EXPECTED_THR: 1.43 RECEIVED_THR: 0.65 PSNR: 12.16 QUALITY METRIC: 0.29 DECIDED RATE: 0.30Mbps 
ADJUST SCALE(@35.081864): EXPECTED_THR: 1.56 RECEIVED_THR: 0.75 PSNR: 13.25 QUALITY METRIC: 0.31 DECIDED RATE: 0.30Mbps 
ADJUST SCALE(@36.013841): EXPECTED_THR: 0.45 RECEIVED_THR: 0.24 PSNR: 15.46 QUALITY METRIC: 0.35 DECIDED RATE: 0.30Mbps 
ADJUST SCALE(@37.848930): EXPECTED_THR: 3.75 RECEIVED_THR: 0.46 PSNR: 2.63 QUALITY METRIC: 0.07 DECIDED RATE: 0.30Mbps 
ADJUST SCALE(@38.649486): EXPECTED_THR: 1.95 RECEIVED_THR: 0.19 PSNR: 2.05 QUALITY METRIC: 0.06 DECIDED RATE: 0.30Mbps 
ADJUST SCALE(@38.990725): EXPECTED_THR: 2.46 RECEIVED_THR: 0.75 PSNR: 7.27 QUALITY METRIC: 0.19 DECIDED RATE: 0.30Mbps 
ADJUST SCALE(@39.325438): EXPECTED_THR: 0.91 RECEIVED_THR: 0.91 PSNR: 100.00 QUALITY METRIC: 1.00 DECIDED RATE: 0.60Mbps 
ADJUST SCALE(@39.912304): EXPECTED_THR: 1.21 RECEIVED_THR: 1.00 PSNR: 34.32 QUALITY METRIC: 0.58 DECIDED RATE: 0.90Mbps 
ADJUST SCALE(@40.799119): EXPECTED_THR: 1.42 RECEIVED_THR: 1.08 PSNR: 28.91 QUALITY METRIC: 0.53 DECIDED RATE: 1.20Mbps 
ADJUST SCALE(@41.771397): EXPECTED_THR: 0.74 RECEIVED_THR: 0.62 PSNR: 35.84 QUALITY METRIC: 0.60 DECIDED RATE: 1.50Mbps 
ADJUST SCALE(@42.900914): EXPECTED_THR: 2.20 RECEIVED_THR: 0.65 PSNR: 7.04 QUALITY METRIC: 0.18 DECIDED RATE: 0.90Mbps 
ADJUST SCALE(@43.813219): EXPECTED_THR: 1.47 RECEIVED_THR: 0.82 PSNR: 16.40 QUALITY METRIC: 0.36 DECIDED RATE: 0.60Mbps 
ADJUST SCALE(@44.716415): EXPECTED_THR: 1.66 RECEIVED_THR: 0.43 PSNR: 6.08 QUALITY METRIC: 0.16 DECIDED RATE: 0.30Mbps 
ADJUST SCALE(@45.379649): EXPECTED_THR: 1.15 RECEIVED_THR: 0.75 PSNR: 21.15 QUALITY METRIC: 0.43 DECIDED RATE: 0.30Mbps 
ADJUST SCALE(@46.457745): EXPECTED_THR: 1.63 RECEIVED_THR: 0.65 PSNR: 10.13 QUALITY METRIC: 0.25 DECIDED RATE: 0.30Mbps 
ADJUST SCALE(@47.249425): EXPECTED_THR: 1.40 RECEIVED_THR: 0.82 PSNR: 17.48 QUALITY METRIC: 0.38 DECIDED RATE: 0.30Mbps 
ADJUST SCALE(@48.233063): EXPECTED_THR: 1.15 RECEIVED_THR: 0.76 PSNR: 21.55 QUALITY METRIC: 0.44 DECIDED RATE: 0.30Mbps 
ADJUST SCALE(@49.604983): EXPECTED_THR: 0.41 RECEIVED_THR: 0.26 PSNR: 19.81 QUALITY METRIC: 0.41 DECIDED RATE: 0.30Mbps 
ADJUST SCALE(@52.749380): EXPECTED_THR: 4.26 RECEIVED_THR: 0.25 PSNR: 1.23 QUALITY METRIC: 0.04 DECIDED RATE: 0.30Mbps 
ADJUST SCALE(@53.562167): EXPECTED_THR: 1.31 RECEIVED_THR: 0.79 PSNR: 18.40 QUALITY METRIC: 0.39 DECIDED RATE: 0.30Mbps 
ADJUST SCALE(@54.557461): EXPECTED_THR: 1.22 RECEIVED_THR: 0.80 PSNR: 21.45 QUALITY METRIC: 0.44 DECIDED RATE: 0.30Mbps 
ADJUST SCALE(@55.900289): EXPECTED_THR: 2.07 RECEIVED_THR: 0.38 PSNR: 4.08 QUALITY METRIC: 0.11 DECIDED RATE: 0.30Mbps 
ADJUST SCALE(@56.479335): EXPECTED_THR: 0.73 RECEIVED_THR: 0.59 PSNR: 33.35 QUALITY METRIC: 0.57 DECIDED RATE: 0.60Mbps 
ADJUST SCALE(@57.346245): EXPECTED_THR: 1.45 RECEIVED_THR: 0.72 PSNR: 13.74 QUALITY METRIC: 0.32 DECIDED RATE: 0.30Mbps 
ADJUST SCALE(@58.372180): EXPECTED_THR: 1.48 RECEIVED_THR: 0.69 PSNR: 12.64 QUALITY METRIC: 0.30 DECIDED RATE: 0.30Mbps 
ADJUST SCALE(@59.441064): EXPECTED_THR: 1.79 RECEIVED_THR: 0.58 PSNR: 7.90 QUALITY METRIC: 0.20 DECIDED RATE: 0.30Mbps 
ADJUST SCALE(@60.037983): EXPECTED_THR: 0.88 RECEIVED_THR: 0.66 PSNR: 27.13 QUALITY METRIC: 0.51 DECIDED RATE: 0.60Mbps 
ADJUST SCALE(@63.262705): EXPECTED_THR: 4.15 RECEIVED_THR: 0.32 PSNR: 1.61 QUALITY METRIC: 0.05 DECIDED RATE: 0.30Mbps 
ADJUST SCALE(@64.461769): EXPECTED_THR: 0.40 RECEIVED_THR: 0.33 PSNR: 33.93 QUALITY METRIC: 0.58 DECIDED RATE: 0.60Mbps 
ADJUST SCALE(@65.640732): EXPECTED_THR: 1.04 RECEIVED_THR: 0.45 PSNR: 11.29 QUALITY METRIC: 0.27 DECIDED RATE: 0.30Mbps 
ADJUST SCALE(@65.659769): EXPECTED_THR: 0.42 RECEIVED_THR: 0.42 PSNR: 100.00 QUALITY METRIC: 1.00 DECIDED RATE: 0.60Mbps 
ADJUST SCALE(@65.679178): EXPECTED_THR: 0.41 RECEIVED_THR: 0.41 PSNR: 100.00 QUALITY METRIC: 1.00 DECIDED RATE: 0.90Mbps 
ADJUST SCALE(@65.699684): EXPECTED_THR: 0.39 RECEIVED_THR: 0.39 PSNR: 100.00 QUALITY METRIC: 1.00 DECIDED RATE: 1.20Mbps 
ADJUST SCALE(@65.719582): EXPECTED_THR: 0.40 RECEIVED_THR: 0.40 PSNR: 100.00 QUALITY METRIC: 1.00 DECIDED RATE: 1.50Mbps 
ADJUST SCALE(@65.739596): EXPECTED_THR: 0.40 RECEIVED_THR: 0.40 PSNR: 100.00 QUALITY METRIC: 1.00 DECIDED RATE: 1.50Mbps 
ADJUST SCALE(@65.759681): EXPECTED_THR: 0.80 RECEIVED_THR: 0.80 PSNR: 100.00 QUALITY METRIC: 1.00 DECIDED RATE: 1.50Mbps 
ADJUST SCALE(@65.785264): EXPECTED_THR: 0.94 RECEIVED_THR: 0.94 PSNR: 100.00 QUALITY METRIC: 1.00 DECIDED RATE: 1.50Mbps 
ADJUST SCALE(@65.823487): EXPECTED_THR: 0.84 RECEIVED_THR: 0.84 PSNR: 100.00 QUALITY METRIC: 1.00 DECIDED RATE: 1.50Mbps 
ADJUST SCALE(@65.883153): EXPECTED_THR: 0.80 RECEIVED_THR: 0.80 PSNR: 100.00 QUALITY METRIC: 1.00 DECIDED RATE: 1.50Mbps 
ADJUST SCALE(@65.979091): EXPECTED_THR: 0.92 RECEIVED_THR: 0.92 PSNR: 100.00 QUALITY METRIC: 1.00 DECIDED RATE: 1.50Mbps 
ADJUST SCALE(@66.157854): EXPECTED_THR: 0.85 RECEIVED_THR: 0.85 PSNR: 100.00 QUALITY METRIC: 1.00 DECIDED RATE: 1.50Mbps 
ADJUST SCALE(@66.481747): EXPECTED_THR: 0.89 RECEIVED_THR: 0.89 PSNR: 100.00 QUALITY METRIC: 1.00 DECIDED RATE: 1.50Mbps 
ADJUST SCALE(@67.080436): EXPECTED_THR: 1.43 RECEIVED_THR: 0.88 PSNR: 19.19 QUALITY METRIC: 0.40 DECIDED RATE: 0.90Mbps 
ADJUST SCALE(@67.782731): EXPECTED_THR: 1.54 RECEIVED_THR: 0.91 PSNR: 17.96 QUALITY METRIC: 0.39 DECIDED RATE: 0.60Mbps 
ADJUST SCALE(@68.469582): EXPECTED_THR: 1.47 RECEIVED_THR: 0.91 PSNR: 19.30 QUALITY METRIC: 0.41 DECIDED RATE: 0.30Mbps 
ADJUST SCALE(@69.165809): EXPECTED_THR: 1.03 RECEIVED_THR: 0.61 PSNR: 17.78 QUALITY METRIC: 0.38 DECIDED RATE: 0.30Mbps 
ADJUST SCALE(@72.655909): EXPECTED_THR: 8.09 RECEIVED_THR: 0.19 PSNR: 0.49 QUALITY METRIC: 0.01 DECIDED RATE: 0.30Mbps 
ADJUST SCALE(@73.083635): EXPECTED_THR: 1.38 RECEIVED_THR: 0.84 PSNR: 18.74 QUALITY METRIC: 0.40 DECIDED RATE: 0.30Mbps 
ADJUST SCALE(@73.780410): EXPECTED_THR: 1.45 RECEIVED_THR: 0.88 PSNR: 18.89 QUALITY METRIC: 0.40 DECIDED RATE: 0.30Mbps 
ADJUST SCALE(@74.478483): EXPECTED_THR: 0.44 RECEIVED_THR: 0.28 PSNR: 19.97 QUALITY METRIC: 0.42 DECIDED RATE: 0.30Mbps 
ADJUST SCALE(@75.180384): EXPECTED_THR: 2.87 RECEIVED_THR: 0.41 PSNR: 3.08 QUALITY METRIC: 0.09 DECIDED RATE: 0.30Mbps 
ADJUST SCALE(@75.524210): EXPECTED_THR: 0.77 RECEIVED_THR: 0.77 PSNR: 100.00 QUALITY METRIC: 1.00 DECIDED RATE: 0.60Mbps 
ADJUST SCALE(@76.189850): EXPECTED_THR: 1.54 RECEIVED_THR: 0.89 PSNR: 17.26 QUALITY METRIC: 0.38 DECIDED RATE: 0.30Mbps 
ADJUST SCALE(@76.899871): EXPECTED_THR: 1.51 RECEIVED_THR: 0.89 PSNR: 17.81 QUALITY METRIC: 0.38 DECIDED RATE: 0.30Mbps 
ADJUST SCALE(@77.597434): EXPECTED_THR: 1.46 RECEIVED_THR: 0.81 PSNR: 16.38 QUALITY METRIC: 0.36 DECIDED RATE: 0.30Mbps 
ADJUST SCALE(@78.321280): EXPECTED_THR: 0.85 RECEIVED_THR: 0.48 PSNR: 16.35 QUALITY METRIC: 0.36 DECIDED RATE: 0.30Mbps 
ADJUST SCALE(@79.045979): EXPECTED_THR: 2.70 RECEIVED_THR: 0.83 PSNR: 7.31 QUALITY METRIC: 0.19 DECIDED RATE: 0.30Mbps 
ADJUST SCALE(@79.224714): EXPECTED_THR: 1.30 RECEIVED_THR: 1.30 PSNR: 100.00 QUALITY METRIC: 1.00 DECIDED RATE: 0.60Mbps 
ADJUST SCALE(@79.468069): EXPECTED_THR: 1.08 RECEIVED_THR: 1.08 PSNR: 100.00 QUALITY METRIC: 1.00 DECIDED RATE: 0.90Mbps 
ADJUST SCALE(@80.149978): EXPECTED_THR: 3.57 RECEIVED_THR: 0.61 PSNR: 3.75 QUALITY METRIC: 0.10 DECIDED RATE: 0.60Mbps 
ADJUST SCALE(@80.305844): EXPECTED_THR: 1.23 RECEIVED_THR: 1.23 PSNR: 100.00 QUALITY METRIC: 1.00 DECIDED RATE: 0.90Mbps 
ADJUST SCALE(@80.476236): EXPECTED_THR: 1.31 RECEIVED_THR: 1.31 PSNR: 100.00 QUALITY METRIC: 1.00 DECIDED RATE: 1.20Mbps 
ADJUST SCALE(@80.689339): EXPECTED_THR: 1.31 RECEIVED_THR: 1.31 PSNR: 100.00 QUALITY METRIC: 1.00 DECIDED RATE: 1.50Mbps 
ADJUST SCALE(@80.961338): EXPECTED_THR: 1.29 RECEIVED_THR: 1.29 PSNR: 100.00 QUALITY METRIC: 1.00 DECIDED RATE: 1.50Mbps 
ADJUST SCALE(@81.304468): EXPECTED_THR: 1.28 RECEIVED_THR: 1.28 PSNR: 100.00 QUALITY METRIC: 1.00 DECIDED RATE: 1.50Mbps 
ADJUST SCALE(@81.752541): EXPECTED_THR: 1.52 RECEIVED_THR: 1.30 PSNR: 39.15 QUALITY METRIC: 0.63 DECIDED RATE: 1.50Mbps 
ADJUST SCALE(@82.214802): EXPECTED_THR: 1.35 RECEIVED_THR: 1.12 PSNR: 35.84 QUALITY METRIC: 0.60 DECIDED RATE: 1.50Mbps 
ADJUST SCALE(@82.730315): EXPECTED_THR: 1.60 RECEIVED_THR: 1.21 PSNR: 28.32 QUALITY METRIC: 0.52 DECIDED RATE: 1.50Mbps 
ADJUST SCALE(@83.203233): EXPECTED_THR: 1.51 RECEIVED_THR: 1.29 PSNR: 38.47 QUALITY METRIC: 0.62 DECIDED RATE: 1.50Mbps 
ADJUST SCALE(@83.671586): EXPECTED_THR: 1.52 RECEIVED_THR: 1.30 PSNR: 38.47 QUALITY METRIC: 0.62 DECIDED RATE: 1.50Mbps 
ADJUST SCALE(@84.132455): EXPECTED_THR: 1.48 RECEIVED_THR: 1.23 PSNR: 36.07 QUALITY METRIC: 0.60 DECIDED RATE: 1.50Mbps 
ADJUST SCALE(@84.600731): EXPECTED_THR: 1.49 RECEIVED_THR: 1.30 PSNR: 41.36 QUALITY METRIC: 0.64 DECIDED RATE: 1.50Mbps 
ADJUST SCALE(@85.068136): EXPECTED_THR: 1.51 RECEIVED_THR: 1.30 PSNR: 39.85 QUALITY METRIC: 0.63 DECIDED RATE: 1.50Mbps 
ADJUST SCALE(@85.540239): EXPECTED_THR: 1.51 RECEIVED_THR: 1.30 PSNR: 40.07 QUALITY METRIC: 0.63 DECIDED RATE: 1.50Mbps 
ADJUST SCALE(@86.011805): EXPECTED_THR: 1.49 RECEIVED_THR: 1.24 PSNR: 35.39 QUALITY METRIC: 0.59 DECIDED RATE: 1.50Mbps 
ADJUST SCALE(@86.484086): EXPECTED_THR: 1.51 RECEIVED_THR: 1.29 PSNR: 38.47 QUALITY METRIC: 0.62 DECIDED RATE: 1.50Mbps 
ADJUST SCALE(@86.950779): EXPECTED_THR: 1.89 RECEIVED_THR: 0.65 PSNR: 8.48 QUALITY METRIC: 0.22 DECIDED RATE: 0.90Mbps 
ADJUST SCALE(@87.171331): EXPECTED_THR: 2.14 RECEIVED_THR: 0.62 PSNR: 6.80 QUALITY METRIC: 0.18 DECIDED RATE: 0.60Mbps 
ADJUST SCALE(@87.357720): EXPECTED_THR: 0.64 RECEIVED_THR: 0.47 PSNR: 26.44 QUALITY METRIC: 0.50 DECIDED RATE: 0.30Mbps 
ADJUST SCALE(@87.531020): EXPECTED_THR: 0.60 RECEIVED_THR: 0.74 PSNR: 100.00 QUALITY METRIC: 1.12 DECIDED RATE: 0.60Mbps 
ADJUST SCALE(@87.903654): EXPECTED_THR: 1.01 RECEIVED_THR: 0.86 PSNR: 38.08 QUALITY METRIC: 0.62 DECIDED RATE: 0.90Mbps 
ADJUST SCALE(@88.603894): EXPECTED_THR: 2.10 RECEIVED_THR: 0.50 PSNR: 5.47 QUALITY METRIC: 0.15 DECIDED RATE: 0.60Mbps 
ADJUST SCALE(@88.732164): EXPECTED_THR: 1.18 RECEIVED_THR: 1.18 PSNR: 100.00 QUALITY METRIC: 1.00 DECIDED RATE: 0.90Mbps 
ADJUST SCALE(@88.907552): EXPECTED_THR: 0.55 RECEIVED_THR: 0.55 PSNR: 100.00 QUALITY METRIC: 1.00 DECIDED RATE: 1.20Mbps 
ADJUST SCALE(@89.176506): EXPECTED_THR: 0.59 RECEIVED_THR: 0.59 PSNR: 100.00 QUALITY METRIC: 1.00 DECIDED RATE: 1.50Mbps 
ADJUST SCALE(@89.890251): EXPECTED_THR: 0.75 RECEIVED_THR: 0.53 PSNR: 24.18 QUALITY METRIC: 0.47 DECIDED RATE: 0.90Mbps 
ADJUST SCALE(@90.478414): EXPECTED_THR: 2.53 RECEIVED_THR: 0.67 PSNR: 6.12 QUALITY METRIC: 0.16 DECIDED RATE: 0.60Mbps 
ADJUST SCALE(@91.086394): EXPECTED_THR: 1.13 RECEIVED_THR: 0.72 PSNR: 20.41 QUALITY METRIC: 0.42 DECIDED RATE: 0.30Mbps 
ADJUST SCALE(@91.784668): EXPECTED_THR: 2.18 RECEIVED_THR: 0.37 PSNR: 3.69 QUALITY METRIC: 0.10 DECIDED RATE: 0.30Mbps 
ADJUST SCALE(@92.056175): EXPECTED_THR: 0.88 RECEIVED_THR: 0.88 PSNR: 100.00 QUALITY METRIC: 1.00 DECIDED RATE: 0.60Mbps 
ADJUST SCALE(@92.531351): EXPECTED_THR: 1.25 RECEIVED_THR: 0.91 PSNR: 26.17 QUALITY METRIC: 0.50 DECIDED RATE: 0.30Mbps 
ADJUST SCALE(@93.226291): EXPECTED_THR: 1.53 RECEIVED_THR: 0.91 PSNR: 18.03 QUALITY METRIC: 0.39 DECIDED RATE: 0.30Mbps 
ADJUST SCALE(@93.919115): EXPECTED_THR: 1.45 RECEIVED_THR: 0.91 PSNR: 19.72 QUALITY METRIC: 0.41 DECIDED RATE: 0.30Mbps 
ADJUST SCALE(@94.614451): EXPECTED_THR: 1.51 RECEIVED_THR: 0.89 PSNR: 17.72 QUALITY METRIC: 0.38 DECIDED RATE: 0.30Mbps 
ADJUST SCALE(@95.315353): EXPECTED_THR: 1.50 RECEIVED_THR: 0.95 PSNR: 20.08 QUALITY METRIC: 0.42 DECIDED RATE: 0.30Mbps 
ADJUST SCALE(@96.009342): EXPECTED_THR: 1.46 RECEIVED_THR: 0.89 PSNR: 18.64 QUALITY METRIC: 0.40 DECIDED RATE: 0.30Mbps 
ADJUST SCALE(@96.736762): EXPECTED_THR: 1.10 RECEIVED_THR: 0.63 PSNR: 16.88 QUALITY METRIC: 0.37 DECIDED RATE: 0.30Mbps 
ADJUST SCALE(@97.453832): EXPECTED_THR: 1.93 RECEIVED_THR: 0.09 PSNR: 0.95 QUALITY METRIC: 0.03 DECIDED RATE: 0.30Mbps 
ADJUST SCALE(@98.059782): EXPECTED_THR: -0.40 RECEIVED_THR: 0.20 PSNR: 100.00 QUALITY METRIC: 0.25 DECIDED RATE: 0.30Mbps 
ADJUST SCALE(@99.257290): EXPECTED_THR: 1.21 RECEIVED_THR: 0.46 PSNR: 9.60 QUALITY METRIC: 0.24 DECIDED RATE: 0.30Mbps 
