Load config file:hi.tcl
Starting Simulation...
num_nodes is set 70
channel.cc:sendUp - Calc highestAntennaZ_ and distCST_
highestAntennaZ_ = 1.5,  distCST_ = 175.4
ADJUST SCALE(@1.128529): EXPECTED_THR: 0.01 RECEIVED_THR: 0.01 PSNR: 100.00 QUALITY METRIC: 1.00 DECIDED RATE: 1.50Mbps 
ADJUST SCALE(@1.385588): EXPECTED_THR: 0.62 RECEIVED_THR: 0.34 PSNR: 15.97 QUALITY METRIC: 0.35 DECIDED RATE: 1.50Mbps 
ADJUST SCALE(@1.775918): EXPECTED_THR: 0.27 RECEIVED_THR: 0.37 PSNR: 100.00 QUALITY METRIC: 1.19 DECIDED RATE: 1.50Mbps 
ADJUST SCALE(@2.705625): EXPECTED_THR: 0.53 RECEIVED_THR: 0.22 PSNR: 10.87 QUALITY METRIC: 0.26 DECIDED RATE: 1.50Mbps 
ADJUST SCALE(@6.239868): EXPECTED_THR: 3.74 RECEIVED_THR: 0.48 PSNR: 2.77 QUALITY METRIC: 0.08 DECIDED RATE: 1.50Mbps 
ADJUST SCALE(@6.932943): EXPECTED_THR: 1.62 RECEIVED_THR: 1.14 PSNR: 24.56 QUALITY METRIC: 0.48 DECIDED RATE: 1.50Mbps 
ADJUST SCALE(@7.477756): EXPECTED_THR: 1.62 RECEIVED_THR: 1.23 PSNR: 28.85 QUALITY METRIC: 0.53 DECIDED RATE: 1.50Mbps 
ADJUST SCALE(@7.941210): EXPECTED_THR: 1.50 RECEIVED_THR: 1.24 PSNR: 35.16 QUALITY METRIC: 0.59 DECIDED RATE: 1.50Mbps 
ADJUST SCALE(@8.406864): EXPECTED_THR: 1.51 RECEIVED_THR: 1.24 PSNR: 34.09 QUALITY METRIC: 0.58 DECIDED RATE: 1.50Mbps 
ADJUST SCALE(@8.866581): EXPECTED_THR: 1.46 RECEIVED_THR: 1.20 PSNR: 34.46 QUALITY METRIC: 0.58 DECIDED RATE: 1.50Mbps 
ADJUST SCALE(@9.334421): EXPECTED_THR: 1.52 RECEIVED_THR: 1.23 PSNR: 33.11 QUALITY METRIC: 0.57 DECIDED RATE: 1.50Mbps 
ADJUST SCALE(@9.797582): EXPECTED_THR: 1.50 RECEIVED_THR: 1.21 PSNR: 32.65 QUALITY METRIC: 0.57 DECIDED RATE: 1.50Mbps 
ADJUST SCALE(@10.266781): EXPECTED_THR: 1.50 RECEIVED_THR: 1.43 PSNR: 61.82 QUALITY METRIC: 0.79 DECIDED RATE: 1.50Mbps 
ADJUST SCALE(@10.711516): EXPECTED_THR: 1.49 RECEIVED_THR: 1.46 PSNR: 74.51 QUALITY METRIC: 0.86 DECIDED RATE: 1.50Mbps 
ADJUST SCALE(@11.166570): EXPECTED_THR: 1.48 RECEIVED_THR: 1.44 PSNR: 74.75 QUALITY METRIC: 0.86 DECIDED RATE: 1.50Mbps 
ADJUST SCALE(@11.628844): EXPECTED_THR: 1.54 RECEIVED_THR: 1.49 PSNR: 67.80 QUALITY METRIC: 0.82 DECIDED RATE: 1.50Mbps 
ADJUST SCALE(@12.070692): EXPECTED_THR: 1.47 RECEIVED_THR: 1.45 PSNR: 87.89 QUALITY METRIC: 0.93 DECIDED RATE: 1.50Mbps 
ADJUST SCALE(@12.541405): EXPECTED_THR: 1.53 RECEIVED_THR: 1.46 PSNR: 62.27 QUALITY METRIC: 0.79 DECIDED RATE: 1.50Mbps 
ADJUST SCALE(@12.995066): EXPECTED_THR: 1.50 RECEIVED_THR: 1.45 PSNR: 66.88 QUALITY METRIC: 0.82 DECIDED RATE: 1.50Mbps 
ADJUST SCALE(@13.443823): EXPECTED_THR: 1.50 RECEIVED_THR: 1.46 PSNR: 74.75 QUALITY METRIC: 0.86 DECIDED RATE: 1.50Mbps 
ADJUST SCALE(@13.899407): EXPECTED_THR: 1.55 RECEIVED_THR: 1.48 PSNR: 61.82 QUALITY METRIC: 0.79 DECIDED RATE: 1.50Mbps 
ADJUST SCALE(@14.342191): EXPECTED_THR: 1.39 RECEIVED_THR: 1.36 PSNR: 73.01 QUALITY METRIC: 0.85 DECIDED RATE: 1.50Mbps 
ADJUST SCALE(@14.827501): EXPECTED_THR: 1.50 RECEIVED_THR: 1.42 PSNR: 58.03 QUALITY METRIC: 0.76 DECIDED RATE: 1.50Mbps 
ADJUST SCALE(@15.318433): EXPECTED_THR: 1.48 RECEIVED_THR: 1.39 PSNR: 54.38 QUALITY METRIC: 0.74 DECIDED RATE: 1.50Mbps 
ADJUST SCALE(@15.784026): EXPECTED_THR: 1.44 RECEIVED_THR: 0.81 PSNR: 16.40 QUALITY METRIC: 0.36 DECIDED RATE: 1.50Mbps 
ADJUST SCALE(@16.494352): EXPECTED_THR: 1.58 RECEIVED_THR: 1.43 PSNR: 47.53 QUALITY METRIC: 0.69 DECIDED RATE: 1.50Mbps 
ADJUST SCALE(@16.950922): EXPECTED_THR: 1.54 RECEIVED_THR: 1.45 PSNR: 57.36 QUALITY METRIC: 0.76 DECIDED RATE: 1.50Mbps 
ADJUST SCALE(@17.397494): EXPECTED_THR: 1.45 RECEIVED_THR: 1.38 PSNR: 60.16 QUALITY METRIC: 0.78 DECIDED RATE: 1.50Mbps 
ADJUST SCALE(@17.862361): EXPECTED_THR: 1.53 RECEIVED_THR: 1.51 PSNR: 89.77 QUALITY METRIC: 0.94 DECIDED RATE: 1.50Mbps 
ADJUST SCALE(@18.314523): EXPECTED_THR: 1.49 RECEIVED_THR: 1.49 PSNR: 100.00 QUALITY METRIC: 1.00 DECIDED RATE: 1.50Mbps 
ADJUST SCALE(@18.766798): EXPECTED_THR: 1.50 RECEIVED_THR: 1.43 PSNR: 61.13 QUALITY METRIC: 0.78 DECIDED RATE: 1.50Mbps 
ADJUST SCALE(@19.219930): EXPECTED_THR: 1.47 RECEIVED_THR: 1.41 PSNR: 66.40 QUALITY METRIC: 0.81 DECIDED RATE: 1.50Mbps 
ADJUST SCALE(@19.687551): EXPECTED_THR: 1.51 RECEIVED_THR: 1.45 PSNR: 67.57 QUALITY METRIC: 0.82 DECIDED RATE: 1.50Mbps 
ADJUST SCALE(@20.152331): EXPECTED_THR: 1.51 RECEIVED_THR: 1.50 PSNR: 89.55 QUALITY METRIC: 0.94 DECIDED RATE: 1.50Mbps 
ADJUST SCALE(@20.620189): EXPECTED_THR: 1.49 RECEIVED_THR: 1.45 PSNR: 75.46 QUALITY METRIC: 0.87 DECIDED RATE: 1.50Mbps 
ADJUST SCALE(@21.091877): EXPECTED_THR: 1.51 RECEIVED_THR: 1.41 PSNR: 53.94 QUALITY METRIC: 0.74 DECIDED RATE: 1.50Mbps 
ADJUST SCALE(@21.560342): EXPECTED_THR: 1.52 RECEIVED_THR: 1.49 PSNR: 75.91 QUALITY METRIC: 0.87 DECIDED RATE: 1.50Mbps 
ADJUST SCALE(@22.022129): EXPECTED_THR: 1.07 RECEIVED_THR: 1.00 PSNR: 54.82 QUALITY METRIC: 0.74 DECIDED RATE: 1.50Mbps 
ADJUST SCALE(@22.940455): EXPECTED_THR: 3.62 RECEIVED_THR: 0.56 PSNR: 3.34 QUALITY METRIC: 0.09 DECIDED RATE: 1.50Mbps 
ADJUST SCALE(@23.219166): EXPECTED_THR: 0.89 RECEIVED_THR: 0.89 PSNR: 100.00 QUALITY METRIC: 1.00 DECIDED RATE: 1.50Mbps 
ADJUST SCALE(@23.715612): EXPECTED_THR: 1.29 RECEIVED_THR: 1.00 PSNR: 29.83 QUALITY METRIC: 0.54 DECIDED RATE: 1.50Mbps 
ADJUST SCALE(@24.409149): EXPECTED_THR: 1.34 RECEIVED_THR: 0.96 PSNR: 25.14 QUALITY METRIC: 0.48 DECIDED RATE: 1.50Mbps 
ADJUST SCALE(@25.814884): EXPECTED_THR: 2.31 RECEIVED_THR: 0.08 PSNR: 0.70 QUALITY METRIC: 0.02 DECIDED RATE: 1.50Mbps 
ADJUST SCALE(@26.912801): EXPECTED_THR: 1.83 RECEIVED_THR: 0.68 PSNR: 9.38 QUALITY METRIC: 0.23 DECIDED RATE: 1.50Mbps 
ADJUST SCALE(@27.890207): EXPECTED_THR: 2.16 RECEIVED_THR: 0.48 PSNR: 5.06 QUALITY METRIC: 0.14 DECIDED RATE: 1.50Mbps 
ADJUST SCALE(@28.202887): EXPECTED_THR: 0.15 RECEIVED_THR: 0.23 PSNR: 100.00 QUALITY METRIC: 1.25 DECIDED RATE: 1.50Mbps 
ADJUST SCALE(@28.830759): EXPECTED_THR: 3.70 RECEIVED_THR: 0.41 PSNR: 2.34 QUALITY METRIC: 0.07 DECIDED RATE: 1.50Mbps 
ADJUST SCALE(@34.073615): EXPECTED_THR: 27.77 RECEIVED_THR: 0.14 PSNR: 0.10 QUALITY METRIC: 0.00 DECIDED RATE: 1.50Mbps 
ADJUST SCALE(@34.356389): EXPECTED_THR: 0.45 RECEIVED_THR: 0.62 PSNR: 100.00 QUALITY METRIC: 1.19 DECIDED RATE: 1.50Mbps 
ADJUST SCALE(@34.877183): EXPECTED_THR: 0.81 RECEIVED_THR: 0.61 PSNR: 28.11 QUALITY METRIC: 0.52 DECIDED RATE: 1.50Mbps 
ADJUST SCALE(@36.033553): EXPECTED_THR: 0.35 RECEIVED_THR: 0.17 PSNR: 13.86 QUALITY METRIC: 0.32 DECIDED RATE: 1.50Mbps 
ADJUST SCALE(@37.328825): EXPECTED_THR: 2.58 RECEIVED_THR: 0.54 PSNR: 4.74 QUALITY METRIC: 0.13 DECIDED RATE: 1.50Mbps 
ADJUST SCALE(@38.224114): EXPECTED_THR: 0.50 RECEIVED_THR: 0.28 PSNR: 16.13 QUALITY METRIC: 0.36 DECIDED RATE: 1.50Mbps 
ADJUST SCALE(@40.944452): EXPECTED_THR: 5.40 RECEIVED_THR: 0.19 PSNR: 0.73 QUALITY METRIC: 0.02 DECIDED RATE: 1.50Mbps 
ADJUST SCALE(@41.460890): EXPECTED_THR: 1.49 RECEIVED_THR: 0.60 PSNR: 10.43 QUALITY METRIC: 0.26 DECIDED RATE: 1.50Mbps 
ADJUST SCALE(@42.569625): EXPECTED_THR: 0.59 RECEIVED_THR: 0.29 PSNR: 13.38 QUALITY METRIC: 0.31 DECIDED RATE: 1.50Mbps 
ADJUST SCALE(@46.079836): EXPECTED_THR: 5.79 RECEIVED_THR: 0.35 PSNR: 1.24 QUALITY METRIC: 0.04 DECIDED RATE: 1.50Mbps 
ADJUST SCALE(@46.424027): EXPECTED_THR: -0.84 RECEIVED_THR: 0.65 PSNR: 100.00 QUALITY METRIC: 0.11 DECIDED RATE: 1.50Mbps 
ADJUST SCALE(@47.293218): EXPECTED_THR: 1.37 RECEIVED_THR: 0.58 PSNR: 10.99 QUALITY METRIC: 0.27 DECIDED RATE: 1.50Mbps 
ADJUST SCALE(@56.807259): EXPECTED_THR: 12.25 RECEIVED_THR: 0.30 PSNR: 0.49 QUALITY METRIC: 0.01 DECIDED RATE: 1.50Mbps 
ADJUST SCALE(@57.807423): EXPECTED_THR: 0.92 RECEIVED_THR: 0.48 PSNR: 14.75 QUALITY METRIC: 0.33 DECIDED RATE: 1.50Mbps 
ADJUST SCALE(@59.784639): EXPECTED_THR: 1.93 RECEIVED_THR: 0.47 PSNR: 5.63 QUALITY METRIC: 0.15 DECIDED RATE: 1.50Mbps 
ADJUST SCALE(@60.487518): EXPECTED_THR: 0.14 RECEIVED_THR: 0.14 PSNR: 100.00 QUALITY METRIC: 1.00 DECIDED RATE: 1.50Mbps 
ADJUST SCALE(@61.384219): EXPECTED_THR: 2.70 RECEIVED_THR: 0.33 PSNR: 2.60 QUALITY METRIC: 0.07 DECIDED RATE: 1.50Mbps 
ADJUST SCALE(@61.942686): EXPECTED_THR: 0.86 RECEIVED_THR: 0.73 PSNR: 37.94 QUALITY METRIC: 0.61 DECIDED RATE: 1.50Mbps 
ADJUST SCALE(@63.021010): EXPECTED_THR: 1.41 RECEIVED_THR: 0.81 PSNR: 17.05 QUALITY METRIC: 0.37 DECIDED RATE: 1.50Mbps 
ADJUST SCALE(@64.281436): EXPECTED_THR: 0.49 RECEIVED_THR: 0.31 PSNR: 20.23 QUALITY METRIC: 0.42 DECIDED RATE: 1.50Mbps 
ADJUST SCALE(@68.774277): EXPECTED_THR: 5.82 RECEIVED_THR: 0.06 PSNR: 0.20 QUALITY METRIC: 0.01 DECIDED RATE: 1.50Mbps 
ADJUST SCALE(@69.454720): EXPECTED_THR: -0.29 RECEIVED_THR: 0.44 PSNR: 100.00 QUALITY METRIC: -0.24 DECIDED RATE: 1.50Mbps 
ADJUST SCALE(@70.750007): EXPECTED_THR: 1.82 RECEIVED_THR: 0.40 PSNR: 4.89 QUALITY METRIC: 0.13 DECIDED RATE: 1.50Mbps 
ADJUST SCALE(@72.133022): EXPECTED_THR: 1.49 RECEIVED_THR: 0.41 PSNR: 6.44 QUALITY METRIC: 0.17 DECIDED RATE: 1.50Mbps 
ADJUST SCALE(@73.557805): EXPECTED_THR: 1.50 RECEIVED_THR: 0.38 PSNR: 5.75 QUALITY METRIC: 0.15 DECIDED RATE: 1.50Mbps 
ADJUST SCALE(@74.951978): EXPECTED_THR: 1.26 RECEIVED_THR: 0.34 PSNR: 6.37 QUALITY METRIC: 0.17 DECIDED RATE: 1.50Mbps 
ADJUST SCALE(@76.509472): EXPECTED_THR: 0.67 RECEIVED_THR: 0.18 PSNR: 6.48 QUALITY METRIC: 0.17 DECIDED RATE: 1.50Mbps 
ADJUST SCALE(@79.030097): EXPECTED_THR: 2.49 RECEIVED_THR: 0.84 PSNR: 8.30 QUALITY METRIC: 0.21 DECIDED RATE: 1.50Mbps 
ADJUST SCALE(@79.291028): EXPECTED_THR: 1.29 RECEIVED_THR: 1.29 PSNR: 100.00 QUALITY METRIC: 1.00 DECIDED RATE: 1.50Mbps 
ADJUST SCALE(@79.622120): EXPECTED_THR: 1.30 RECEIVED_THR: 1.30 PSNR: 100.00 QUALITY METRIC: 1.00 DECIDED RATE: 1.50Mbps 
ADJUST SCALE(@80.040367): EXPECTED_THR: 1.43 RECEIVED_THR: 1.24 PSNR: 40.30 QUALITY METRIC: 0.63 DECIDED RATE: 1.50Mbps 
ADJUST SCALE(@80.501587): EXPECTED_THR: 1.51 RECEIVED_THR: 1.23 PSNR: 33.87 QUALITY METRIC: 0.58 DECIDED RATE: 1.50Mbps 
ADJUST SCALE(@80.961889): EXPECTED_THR: 1.51 RECEIVED_THR: 1.25 PSNR: 35.16 QUALITY METRIC: 0.59 DECIDED RATE: 1.50Mbps 
ADJUST SCALE(@81.423028): EXPECTED_THR: 1.51 RECEIVED_THR: 1.25 PSNR: 35.16 QUALITY METRIC: 0.59 DECIDED RATE: 1.50Mbps 
ADJUST SCALE(@81.878278): EXPECTED_THR: 1.44 RECEIVED_THR: 1.21 PSNR: 36.84 QUALITY METRIC: 0.60 DECIDED RATE: 1.50Mbps 
ADJUST SCALE(@82.343032): EXPECTED_THR: 1.50 RECEIVED_THR: 1.22 PSNR: 33.87 QUALITY METRIC: 0.58 DECIDED RATE: 1.50Mbps 
ADJUST SCALE(@82.809272): EXPECTED_THR: 1.54 RECEIVED_THR: 1.24 PSNR: 32.19 QUALITY METRIC: 0.56 DECIDED RATE: 1.50Mbps 
ADJUST SCALE(@83.273005): EXPECTED_THR: 1.45 RECEIVED_THR: 1.21 PSNR: 35.84 QUALITY METRIC: 0.60 DECIDED RATE: 1.50Mbps 
ADJUST SCALE(@83.737055): EXPECTED_THR: 1.55 RECEIVED_THR: 1.28 PSNR: 34.54 QUALITY METRIC: 0.58 DECIDED RATE: 1.50Mbps 
ADJUST SCALE(@84.198895): EXPECTED_THR: 1.46 RECEIVED_THR: 1.21 PSNR: 35.84 QUALITY METRIC: 0.60 DECIDED RATE: 1.50Mbps 
ADJUST SCALE(@84.668610): EXPECTED_THR: 1.53 RECEIVED_THR: 1.24 PSNR: 33.33 QUALITY METRIC: 0.57 DECIDED RATE: 1.50Mbps 
ADJUST SCALE(@85.131368): EXPECTED_THR: 1.50 RECEIVED_THR: 1.23 PSNR: 33.87 QUALITY METRIC: 0.58 DECIDED RATE: 1.50Mbps 
ADJUST SCALE(@85.597417): EXPECTED_THR: 1.49 RECEIVED_THR: 1.22 PSNR: 33.87 QUALITY METRIC: 0.58 DECIDED RATE: 1.50Mbps 
ADJUST SCALE(@86.058247): EXPECTED_THR: 1.49 RECEIVED_THR: 1.23 PSNR: 34.93 QUALITY METRIC: 0.59 DECIDED RATE: 1.50Mbps 
ADJUST SCALE(@86.526791): EXPECTED_THR: 1.50 RECEIVED_THR: 1.23 PSNR: 34.09 QUALITY METRIC: 0.58 DECIDED RATE: 1.50Mbps 
ADJUST SCALE(@86.988238): EXPECTED_THR: 1.51 RECEIVED_THR: 1.23 PSNR: 33.87 QUALITY METRIC: 0.58 DECIDED RATE: 1.50Mbps 
ADJUST SCALE(@87.454744): EXPECTED_THR: 1.75 RECEIVED_THR: 0.63 PSNR: 9.01 QUALITY METRIC: 0.23 DECIDED RATE: 1.50Mbps 
ADJUST SCALE(@87.706678): EXPECTED_THR: 0.86 RECEIVED_THR: 0.86 PSNR: 100.00 QUALITY METRIC: 1.00 DECIDED RATE: 1.50Mbps 
ADJUST SCALE(@88.159642): EXPECTED_THR: 1.17 RECEIVED_THR: 0.87 PSNR: 27.13 QUALITY METRIC: 0.51 DECIDED RATE: 1.50Mbps 
ADJUST SCALE(@88.857609): EXPECTED_THR: 1.54 RECEIVED_THR: 0.78 PSNR: 14.16 QUALITY METRIC: 0.32 DECIDED RATE: 1.50Mbps 
ADJUST SCALE(@89.556045): EXPECTED_THR: 1.49 RECEIVED_THR: 0.82 PSNR: 16.14 QUALITY METRIC: 0.36 DECIDED RATE: 1.50Mbps 
ADJUST SCALE(@90.263643): EXPECTED_THR: 1.49 RECEIVED_THR: 0.77 PSNR: 14.48 QUALITY METRIC: 0.33 DECIDED RATE: 1.50Mbps 
ADJUST SCALE(@90.954669): EXPECTED_THR: 1.49 RECEIVED_THR: 0.74 PSNR: 13.71 QUALITY METRIC: 0.32 DECIDED RATE: 1.50Mbps 
ADJUST SCALE(@91.661595): EXPECTED_THR: 1.47 RECEIVED_THR: 0.26 PSNR: 3.89 QUALITY METRIC: 0.11 DECIDED RATE: 1.50Mbps 
ADJUST SCALE(@92.256622): EXPECTED_THR: 0.23 RECEIVED_THR: 0.32 PSNR: 100.00 QUALITY METRIC: 1.21 DECIDED RATE: 1.50Mbps 
ADJUST SCALE(@93.769813): EXPECTED_THR: 0.88 RECEIVED_THR: 0.35 PSNR: 10.34 QUALITY METRIC: 0.25 DECIDED RATE: 1.50Mbps 
ADJUST SCALE(@98.733148): EXPECTED_THR: 3.01 RECEIVED_THR: 0.10 PSNR: 0.70 QUALITY METRIC: 0.02 DECIDED RATE: 1.50Mbps 
